Determining if the pthread_create exist failed with the following output:
Change Dir: /home/aniraula/catkin_ws/build/rqt_rotors/CMakeFiles/CMakeTmp

Run Build Command:"/usr/bin/make" "cmTC_448c8/fast"
/usr/bin/make -f CMakeFiles/cmTC_448c8.dir/build.make CMakeFiles/cmTC_448c8.dir/build
make[1]: Entering directory '/home/aniraula/catkin_ws/build/rqt_rotors/CMakeFiles/CMakeTmp'
Building C object CMakeFiles/cmTC_448c8.dir/CheckSymbolExists.c.o
/usr/bin/cc     -o CMakeFiles/cmTC_448c8.dir/CheckSymbolExists.c.o   -c /home/aniraula/catkin_ws/build/rqt_rotors/CMakeFiles/CMakeTmp/CheckSymbolExists.c
Linking C executable cmTC_448c8
/usr/bin/cmake -E cmake_link_script CMakeFiles/cmTC_448c8.dir/link.txt --verbose=1
/usr/bin/cc       CMakeFiles/cmTC_448c8.dir/CheckSymbolExists.c.o  -o cmTC_448c8 -rdynamic 
CMakeFiles/cmTC_448c8.dir/CheckSymbolExists.c.o: In function `main':
CheckSymbolExists.c:(.text+0x16): undefined reference to `pthread_create'
collect2: error: ld returned 1 exit status
CMakeFiles/cmTC_448c8.dir/build.make:97: recipe for target 'cmTC_448c8' failed
make[1]: *** [cmTC_448c8] Error 1
make[1]: Leaving directory '/home/aniraula/catkin_ws/build/rqt_rotors/CMakeFiles/CMakeTmp'
Makefile:126: recipe for target 'cmTC_448c8/fast' failed
make: *** [cmTC_448c8/fast] Error 2

File /home/aniraula/catkin_ws/build/rqt_rotors/CMakeFiles/CMakeTmp/CheckSymbolExists.c:
/* */
#include <pthread.h>

int main(int argc, char** argv)
{
  (void)argv;
#ifndef pthread_create
  return ((int*)(&pthread_create))[argc];
#else
  (void)argc;
  return 0;
#endif
}

Determining if the function pthread_create exists in the pthreads failed with the following output:
Change Dir: /home/aniraula/catkin_ws/build/rqt_rotors/CMakeFiles/CMakeTmp

Run Build Command:"/usr/bin/make" "cmTC_2994c/fast"
/usr/bin/make -f CMakeFiles/cmTC_2994c.dir/build.make CMakeFiles/cmTC_2994c.dir/build
make[1]: Entering directory '/home/aniraula/catkin_ws/build/rqt_rotors/CMakeFiles/CMakeTmp'
Building C object CMakeFiles/cmTC_2994c.dir/CheckFunctionExists.c.o
/usr/bin/cc    -DCHECK_FUNCTION_EXISTS=pthread_create   -o CMakeFiles/cmTC_2994c.dir/CheckFunctionExists.c.o   -c /usr/share/cmake-3.5/Modules/CheckFunctionExists.c
Linking C executable cmTC_2994c
/usr/bin/cmake -E cmake_link_script CMakeFiles/cmTC_2994c.dir/link.txt --verbose=1
/usr/bin/cc   -DCHECK_FUNCTION_EXISTS=pthread_create    CMakeFiles/cmTC_2994c.dir/CheckFunctionExists.c.o  -o cmTC_2994c -rdynamic -lpthreads 
/usr/bin/ld: cannot find -lpthreads
collect2: error: ld returned 1 exit status
CMakeFiles/cmTC_2994c.dir/build.make:97: recipe for target 'cmTC_2994c' failed
make[1]: *** [cmTC_2994c] Error 1
make[1]: Leaving directory '/home/aniraula/catkin_ws/build/rqt_rotors/CMakeFiles/CMakeTmp'
Makefile:126: recipe for target 'cmTC_2994c/fast' failed
make: *** [cmTC_2994c/fast] Error 2


