Linked: (/home/aniraula/catkin_ws/devel/.private/mavros_msgs/share/mavros_msgs/cmake/mavros_msgsConfig-version.cmake, /home/aniraula/catkin_ws/devel/share/mavros_msgs/cmake/mavros_msgsConfig-version.cmake)
Linked: (/home/aniraula/catkin_ws/devel/.private/mavros_msgs/share/mavros_msgs/cmake/mavros_msgsConfig.cmake, /home/aniraula/catkin_ws/devel/share/mavros_msgs/cmake/mavros_msgsConfig.cmake)
Linked: (/home/aniraula/catkin_ws/devel/.private/mavros_msgs/share/mavros_msgs/cmake/mavros_msgs-msg-paths.cmake, /home/aniraula/catkin_ws/devel/share/mavros_msgs/cmake/mavros_msgs-msg-paths.cmake)
Linked: (/home/aniraula/catkin_ws/devel/.private/mavros_msgs/share/mavros_msgs/cmake/mavros_msgs-msg-extras.cmake, /home/aniraula/catkin_ws/devel/share/mavros_msgs/cmake/mavros_msgs-msg-extras.cmake)
Linked: (/home/aniraula/catkin_ws/devel/.private/mavros_msgs/share/roseus/ros/mavros_msgs/manifest.l, /home/aniraula/catkin_ws/devel/share/roseus/ros/mavros_msgs/manifest.l)
Linked: (/home/aniraula/catkin_ws/devel/.private/mavros_msgs/share/roseus/ros/mavros_msgs/msg/AttitudeTarget.l, /home/aniraula/catkin_ws/devel/share/roseus/ros/mavros_msgs/msg/AttitudeTarget.l)
Linked: (/home/aniraula/catkin_ws/devel/.private/mavros_msgs/share/roseus/ros/mavros_msgs/msg/LogEntry.l, /home/aniraula/catkin_ws/devel/share/roseus/ros/mavros_msgs/msg/LogEntry.l)
Linked: (/home/aniraula/catkin_ws/devel/.private/mavros_msgs/share/roseus/ros/mavros_msgs/msg/RTCM.l, /home/aniraula/catkin_ws/devel/share/roseus/ros/mavros_msgs/msg/RTCM.l)
Linked: (/home/aniraula/catkin_ws/devel/.private/mavros_msgs/share/roseus/ros/mavros_msgs/msg/ExtendedState.l, /home/aniraula/catkin_ws/devel/share/roseus/ros/mavros_msgs/msg/ExtendedState.l)
Linked: (/home/aniraula/catkin_ws/devel/.private/mavros_msgs/share/roseus/ros/mavros_msgs/msg/FileEntry.l, /home/aniraula/catkin_ws/devel/share/roseus/ros/mavros_msgs/msg/FileEntry.l)
Linked: (/home/aniraula/catkin_ws/devel/.private/mavros_msgs/share/roseus/ros/mavros_msgs/msg/StatusText.l, /home/aniraula/catkin_ws/devel/share/roseus/ros/mavros_msgs/msg/StatusText.l)
Linked: (/home/aniraula/catkin_ws/devel/.private/mavros_msgs/share/roseus/ros/mavros_msgs/msg/WaypointReached.l, /home/aniraula/catkin_ws/devel/share/roseus/ros/mavros_msgs/msg/WaypointReached.l)
Linked: (/home/aniraula/catkin_ws/devel/.private/mavros_msgs/share/roseus/ros/mavros_msgs/msg/ADSBVehicle.l, /home/aniraula/catkin_ws/devel/share/roseus/ros/mavros_msgs/msg/ADSBVehicle.l)
Linked: (/home/aniraula/catkin_ws/devel/.private/mavros_msgs/share/roseus/ros/mavros_msgs/msg/RCOut.l, /home/aniraula/catkin_ws/devel/share/roseus/ros/mavros_msgs/msg/RCOut.l)
Linked: (/home/aniraula/catkin_ws/devel/.private/mavros_msgs/share/roseus/ros/mavros_msgs/msg/OverrideRCIn.l, /home/aniraula/catkin_ws/devel/share/roseus/ros/mavros_msgs/msg/OverrideRCIn.l)
Linked: (/home/aniraula/catkin_ws/devel/.private/mavros_msgs/share/roseus/ros/mavros_msgs/msg/VFR_HUD.l, /home/aniraula/catkin_ws/devel/share/roseus/ros/mavros_msgs/msg/VFR_HUD.l)
Linked: (/home/aniraula/catkin_ws/devel/.private/mavros_msgs/share/roseus/ros/mavros_msgs/msg/DebugValue.l, /home/aniraula/catkin_ws/devel/share/roseus/ros/mavros_msgs/msg/DebugValue.l)
Linked: (/home/aniraula/catkin_ws/devel/.private/mavros_msgs/share/roseus/ros/mavros_msgs/msg/Vibration.l, /home/aniraula/catkin_ws/devel/share/roseus/ros/mavros_msgs/msg/Vibration.l)
Linked: (/home/aniraula/catkin_ws/devel/.private/mavros_msgs/share/roseus/ros/mavros_msgs/msg/PositionTarget.l, /home/aniraula/catkin_ws/devel/share/roseus/ros/mavros_msgs/msg/PositionTarget.l)
Linked: (/home/aniraula/catkin_ws/devel/.private/mavros_msgs/share/roseus/ros/mavros_msgs/msg/HilSensor.l, /home/aniraula/catkin_ws/devel/share/roseus/ros/mavros_msgs/msg/HilSensor.l)
Linked: (/home/aniraula/catkin_ws/devel/.private/mavros_msgs/share/roseus/ros/mavros_msgs/msg/Altitude.l, /home/aniraula/catkin_ws/devel/share/roseus/ros/mavros_msgs/msg/Altitude.l)
Linked: (/home/aniraula/catkin_ws/devel/.private/mavros_msgs/share/roseus/ros/mavros_msgs/msg/GlobalPositionTarget.l, /home/aniraula/catkin_ws/devel/share/roseus/ros/mavros_msgs/msg/GlobalPositionTarget.l)
Linked: (/home/aniraula/catkin_ws/devel/.private/mavros_msgs/share/roseus/ros/mavros_msgs/msg/ManualControl.l, /home/aniraula/catkin_ws/devel/share/roseus/ros/mavros_msgs/msg/ManualControl.l)
Linked: (/home/aniraula/catkin_ws/devel/.private/mavros_msgs/share/roseus/ros/mavros_msgs/msg/BatteryStatus.l, /home/aniraula/catkin_ws/devel/share/roseus/ros/mavros_msgs/msg/BatteryStatus.l)
Linked: (/home/aniraula/catkin_ws/devel/.private/mavros_msgs/share/roseus/ros/mavros_msgs/msg/Waypoint.l, /home/aniraula/catkin_ws/devel/share/roseus/ros/mavros_msgs/msg/Waypoint.l)
Linked: (/home/aniraula/catkin_ws/devel/.private/mavros_msgs/share/roseus/ros/mavros_msgs/msg/HomePosition.l, /home/aniraula/catkin_ws/devel/share/roseus/ros/mavros_msgs/msg/HomePosition.l)
Linked: (/home/aniraula/catkin_ws/devel/.private/mavros_msgs/share/roseus/ros/mavros_msgs/msg/RCIn.l, /home/aniraula/catkin_ws/devel/share/roseus/ros/mavros_msgs/msg/RCIn.l)
Linked: (/home/aniraula/catkin_ws/devel/.private/mavros_msgs/share/roseus/ros/mavros_msgs/msg/Thrust.l, /home/aniraula/catkin_ws/devel/share/roseus/ros/mavros_msgs/msg/Thrust.l)
Linked: (/home/aniraula/catkin_ws/devel/.private/mavros_msgs/share/roseus/ros/mavros_msgs/msg/HilActuatorControls.l, /home/aniraula/catkin_ws/devel/share/roseus/ros/mavros_msgs/msg/HilActuatorControls.l)
Linked: (/home/aniraula/catkin_ws/devel/.private/mavros_msgs/share/roseus/ros/mavros_msgs/msg/CommandCode.l, /home/aniraula/catkin_ws/devel/share/roseus/ros/mavros_msgs/msg/CommandCode.l)
Linked: (/home/aniraula/catkin_ws/devel/.private/mavros_msgs/share/roseus/ros/mavros_msgs/msg/WaypointList.l, /home/aniraula/catkin_ws/devel/share/roseus/ros/mavros_msgs/msg/WaypointList.l)
Linked: (/home/aniraula/catkin_ws/devel/.private/mavros_msgs/share/roseus/ros/mavros_msgs/msg/Mavlink.l, /home/aniraula/catkin_ws/devel/share/roseus/ros/mavros_msgs/msg/Mavlink.l)
Linked: (/home/aniraula/catkin_ws/devel/.private/mavros_msgs/share/roseus/ros/mavros_msgs/msg/ParamValue.l, /home/aniraula/catkin_ws/devel/share/roseus/ros/mavros_msgs/msg/ParamValue.l)
Linked: (/home/aniraula/catkin_ws/devel/.private/mavros_msgs/share/roseus/ros/mavros_msgs/msg/Trajectory.l, /home/aniraula/catkin_ws/devel/share/roseus/ros/mavros_msgs/msg/Trajectory.l)
Linked: (/home/aniraula/catkin_ws/devel/.private/mavros_msgs/share/roseus/ros/mavros_msgs/msg/TimesyncStatus.l, /home/aniraula/catkin_ws/devel/share/roseus/ros/mavros_msgs/msg/TimesyncStatus.l)
Linked: (/home/aniraula/catkin_ws/devel/.private/mavros_msgs/share/roseus/ros/mavros_msgs/msg/CamIMUStamp.l, /home/aniraula/catkin_ws/devel/share/roseus/ros/mavros_msgs/msg/CamIMUStamp.l)
Linked: (/home/aniraula/catkin_ws/devel/.private/mavros_msgs/share/roseus/ros/mavros_msgs/msg/RadioStatus.l, /home/aniraula/catkin_ws/devel/share/roseus/ros/mavros_msgs/msg/RadioStatus.l)
Linked: (/home/aniraula/catkin_ws/devel/.private/mavros_msgs/share/roseus/ros/mavros_msgs/msg/HilGPS.l, /home/aniraula/catkin_ws/devel/share/roseus/ros/mavros_msgs/msg/HilGPS.l)
Linked: (/home/aniraula/catkin_ws/devel/.private/mavros_msgs/share/roseus/ros/mavros_msgs/msg/ActuatorControl.l, /home/aniraula/catkin_ws/devel/share/roseus/ros/mavros_msgs/msg/ActuatorControl.l)
Linked: (/home/aniraula/catkin_ws/devel/.private/mavros_msgs/share/roseus/ros/mavros_msgs/msg/LogData.l, /home/aniraula/catkin_ws/devel/share/roseus/ros/mavros_msgs/msg/LogData.l)
Linked: (/home/aniraula/catkin_ws/devel/.private/mavros_msgs/share/roseus/ros/mavros_msgs/msg/OpticalFlowRad.l, /home/aniraula/catkin_ws/devel/share/roseus/ros/mavros_msgs/msg/OpticalFlowRad.l)
Linked: (/home/aniraula/catkin_ws/devel/.private/mavros_msgs/share/roseus/ros/mavros_msgs/msg/HilControls.l, /home/aniraula/catkin_ws/devel/share/roseus/ros/mavros_msgs/msg/HilControls.l)
Linked: (/home/aniraula/catkin_ws/devel/.private/mavros_msgs/share/roseus/ros/mavros_msgs/msg/State.l, /home/aniraula/catkin_ws/devel/share/roseus/ros/mavros_msgs/msg/State.l)
Linked: (/home/aniraula/catkin_ws/devel/.private/mavros_msgs/share/roseus/ros/mavros_msgs/msg/HilStateQuaternion.l, /home/aniraula/catkin_ws/devel/share/roseus/ros/mavros_msgs/msg/HilStateQuaternion.l)
Linked: (/home/aniraula/catkin_ws/devel/.private/mavros_msgs/share/roseus/ros/mavros_msgs/srv/SetMavFrame.l, /home/aniraula/catkin_ws/devel/share/roseus/ros/mavros_msgs/srv/SetMavFrame.l)
Linked: (/home/aniraula/catkin_ws/devel/.private/mavros_msgs/share/roseus/ros/mavros_msgs/srv/CommandLong.l, /home/aniraula/catkin_ws/devel/share/roseus/ros/mavros_msgs/srv/CommandLong.l)
Linked: (/home/aniraula/catkin_ws/devel/.private/mavros_msgs/share/roseus/ros/mavros_msgs/srv/FileRemove.l, /home/aniraula/catkin_ws/devel/share/roseus/ros/mavros_msgs/srv/FileRemove.l)
Linked: (/home/aniraula/catkin_ws/devel/.private/mavros_msgs/share/roseus/ros/mavros_msgs/srv/CommandHome.l, /home/aniraula/catkin_ws/devel/share/roseus/ros/mavros_msgs/srv/CommandHome.l)
Linked: (/home/aniraula/catkin_ws/devel/.private/mavros_msgs/share/roseus/ros/mavros_msgs/srv/SetMode.l, /home/aniraula/catkin_ws/devel/share/roseus/ros/mavros_msgs/srv/SetMode.l)
Linked: (/home/aniraula/catkin_ws/devel/.private/mavros_msgs/share/roseus/ros/mavros_msgs/srv/FileWrite.l, /home/aniraula/catkin_ws/devel/share/roseus/ros/mavros_msgs/srv/FileWrite.l)
Linked: (/home/aniraula/catkin_ws/devel/.private/mavros_msgs/share/roseus/ros/mavros_msgs/srv/LogRequestEnd.l, /home/aniraula/catkin_ws/devel/share/roseus/ros/mavros_msgs/srv/LogRequestEnd.l)
Linked: (/home/aniraula/catkin_ws/devel/.private/mavros_msgs/share/roseus/ros/mavros_msgs/srv/FileTruncate.l, /home/aniraula/catkin_ws/devel/share/roseus/ros/mavros_msgs/srv/FileTruncate.l)
Linked: (/home/aniraula/catkin_ws/devel/.private/mavros_msgs/share/roseus/ros/mavros_msgs/srv/ParamPush.l, /home/aniraula/catkin_ws/devel/share/roseus/ros/mavros_msgs/srv/ParamPush.l)
Linked: (/home/aniraula/catkin_ws/devel/.private/mavros_msgs/share/roseus/ros/mavros_msgs/srv/FileRename.l, /home/aniraula/catkin_ws/devel/share/roseus/ros/mavros_msgs/srv/FileRename.l)
Linked: (/home/aniraula/catkin_ws/devel/.private/mavros_msgs/share/roseus/ros/mavros_msgs/srv/CommandBool.l, /home/aniraula/catkin_ws/devel/share/roseus/ros/mavros_msgs/srv/CommandBool.l)
Linked: (/home/aniraula/catkin_ws/devel/.private/mavros_msgs/share/roseus/ros/mavros_msgs/srv/FileMakeDir.l, /home/aniraula/catkin_ws/devel/share/roseus/ros/mavros_msgs/srv/FileMakeDir.l)
Linked: (/home/aniraula/catkin_ws/devel/.private/mavros_msgs/share/roseus/ros/mavros_msgs/srv/FileRemoveDir.l, /home/aniraula/catkin_ws/devel/share/roseus/ros/mavros_msgs/srv/FileRemoveDir.l)
Linked: (/home/aniraula/catkin_ws/devel/.private/mavros_msgs/share/roseus/ros/mavros_msgs/srv/FileRead.l, /home/aniraula/catkin_ws/devel/share/roseus/ros/mavros_msgs/srv/FileRead.l)
Linked: (/home/aniraula/catkin_ws/devel/.private/mavros_msgs/share/roseus/ros/mavros_msgs/srv/FileOpen.l, /home/aniraula/catkin_ws/devel/share/roseus/ros/mavros_msgs/srv/FileOpen.l)
Linked: (/home/aniraula/catkin_ws/devel/.private/mavros_msgs/share/roseus/ros/mavros_msgs/srv/WaypointPush.l, /home/aniraula/catkin_ws/devel/share/roseus/ros/mavros_msgs/srv/WaypointPush.l)
Linked: (/home/aniraula/catkin_ws/devel/.private/mavros_msgs/share/roseus/ros/mavros_msgs/srv/LogRequestData.l, /home/aniraula/catkin_ws/devel/share/roseus/ros/mavros_msgs/srv/LogRequestData.l)
Linked: (/home/aniraula/catkin_ws/devel/.private/mavros_msgs/share/roseus/ros/mavros_msgs/srv/ParamSet.l, /home/aniraula/catkin_ws/devel/share/roseus/ros/mavros_msgs/srv/ParamSet.l)
Linked: (/home/aniraula/catkin_ws/devel/.private/mavros_msgs/share/roseus/ros/mavros_msgs/srv/FileChecksum.l, /home/aniraula/catkin_ws/devel/share/roseus/ros/mavros_msgs/srv/FileChecksum.l)
Linked: (/home/aniraula/catkin_ws/devel/.private/mavros_msgs/share/roseus/ros/mavros_msgs/srv/StreamRate.l, /home/aniraula/catkin_ws/devel/share/roseus/ros/mavros_msgs/srv/StreamRate.l)
Linked: (/home/aniraula/catkin_ws/devel/.private/mavros_msgs/share/roseus/ros/mavros_msgs/srv/ParamPull.l, /home/aniraula/catkin_ws/devel/share/roseus/ros/mavros_msgs/srv/ParamPull.l)
Linked: (/home/aniraula/catkin_ws/devel/.private/mavros_msgs/share/roseus/ros/mavros_msgs/srv/LogRequestList.l, /home/aniraula/catkin_ws/devel/share/roseus/ros/mavros_msgs/srv/LogRequestList.l)
Linked: (/home/aniraula/catkin_ws/devel/.private/mavros_msgs/share/roseus/ros/mavros_msgs/srv/WaypointClear.l, /home/aniraula/catkin_ws/devel/share/roseus/ros/mavros_msgs/srv/WaypointClear.l)
Linked: (/home/aniraula/catkin_ws/devel/.private/mavros_msgs/share/roseus/ros/mavros_msgs/srv/CommandInt.l, /home/aniraula/catkin_ws/devel/share/roseus/ros/mavros_msgs/srv/CommandInt.l)
Linked: (/home/aniraula/catkin_ws/devel/.private/mavros_msgs/share/roseus/ros/mavros_msgs/srv/CommandTriggerControl.l, /home/aniraula/catkin_ws/devel/share/roseus/ros/mavros_msgs/srv/CommandTriggerControl.l)
Linked: (/home/aniraula/catkin_ws/devel/.private/mavros_msgs/share/roseus/ros/mavros_msgs/srv/FileClose.l, /home/aniraula/catkin_ws/devel/share/roseus/ros/mavros_msgs/srv/FileClose.l)
Linked: (/home/aniraula/catkin_ws/devel/.private/mavros_msgs/share/roseus/ros/mavros_msgs/srv/CommandTOL.l, /home/aniraula/catkin_ws/devel/share/roseus/ros/mavros_msgs/srv/CommandTOL.l)
Linked: (/home/aniraula/catkin_ws/devel/.private/mavros_msgs/share/roseus/ros/mavros_msgs/srv/WaypointSetCurrent.l, /home/aniraula/catkin_ws/devel/share/roseus/ros/mavros_msgs/srv/WaypointSetCurrent.l)
Linked: (/home/aniraula/catkin_ws/devel/.private/mavros_msgs/share/roseus/ros/mavros_msgs/srv/ParamGet.l, /home/aniraula/catkin_ws/devel/share/roseus/ros/mavros_msgs/srv/ParamGet.l)
Linked: (/home/aniraula/catkin_ws/devel/.private/mavros_msgs/share/roseus/ros/mavros_msgs/srv/FileList.l, /home/aniraula/catkin_ws/devel/share/roseus/ros/mavros_msgs/srv/FileList.l)
Linked: (/home/aniraula/catkin_ws/devel/.private/mavros_msgs/share/roseus/ros/mavros_msgs/srv/WaypointPull.l, /home/aniraula/catkin_ws/devel/share/roseus/ros/mavros_msgs/srv/WaypointPull.l)
Linked: (/home/aniraula/catkin_ws/devel/.private/mavros_msgs/share/gennodejs/ros/mavros_msgs/_index.js, /home/aniraula/catkin_ws/devel/share/gennodejs/ros/mavros_msgs/_index.js)
Linked: (/home/aniraula/catkin_ws/devel/.private/mavros_msgs/share/gennodejs/ros/mavros_msgs/msg/HilStateQuaternion.js, /home/aniraula/catkin_ws/devel/share/gennodejs/ros/mavros_msgs/msg/HilStateQuaternion.js)
Linked: (/home/aniraula/catkin_ws/devel/.private/mavros_msgs/share/gennodejs/ros/mavros_msgs/msg/HilGPS.js, /home/aniraula/catkin_ws/devel/share/gennodejs/ros/mavros_msgs/msg/HilGPS.js)
Linked: (/home/aniraula/catkin_ws/devel/.private/mavros_msgs/share/gennodejs/ros/mavros_msgs/msg/VFR_HUD.js, /home/aniraula/catkin_ws/devel/share/gennodejs/ros/mavros_msgs/msg/VFR_HUD.js)
Linked: (/home/aniraula/catkin_ws/devel/.private/mavros_msgs/share/gennodejs/ros/mavros_msgs/msg/ADSBVehicle.js, /home/aniraula/catkin_ws/devel/share/gennodejs/ros/mavros_msgs/msg/ADSBVehicle.js)
Linked: (/home/aniraula/catkin_ws/devel/.private/mavros_msgs/share/gennodejs/ros/mavros_msgs/msg/_index.js, /home/aniraula/catkin_ws/devel/share/gennodejs/ros/mavros_msgs/msg/_index.js)
Linked: (/home/aniraula/catkin_ws/devel/.private/mavros_msgs/share/gennodejs/ros/mavros_msgs/msg/ActuatorControl.js, /home/aniraula/catkin_ws/devel/share/gennodejs/ros/mavros_msgs/msg/ActuatorControl.js)
Linked: (/home/aniraula/catkin_ws/devel/.private/mavros_msgs/share/gennodejs/ros/mavros_msgs/msg/GlobalPositionTarget.js, /home/aniraula/catkin_ws/devel/share/gennodejs/ros/mavros_msgs/msg/GlobalPositionTarget.js)
Linked: (/home/aniraula/catkin_ws/devel/.private/mavros_msgs/share/gennodejs/ros/mavros_msgs/msg/Mavlink.js, /home/aniraula/catkin_ws/devel/share/gennodejs/ros/mavros_msgs/msg/Mavlink.js)
Linked: (/home/aniraula/catkin_ws/devel/.private/mavros_msgs/share/gennodejs/ros/mavros_msgs/msg/FileEntry.js, /home/aniraula/catkin_ws/devel/share/gennodejs/ros/mavros_msgs/msg/FileEntry.js)
Linked: (/home/aniraula/catkin_ws/devel/.private/mavros_msgs/share/gennodejs/ros/mavros_msgs/msg/ExtendedState.js, /home/aniraula/catkin_ws/devel/share/gennodejs/ros/mavros_msgs/msg/ExtendedState.js)
Linked: (/home/aniraula/catkin_ws/devel/.private/mavros_msgs/share/gennodejs/ros/mavros_msgs/msg/State.js, /home/aniraula/catkin_ws/devel/share/gennodejs/ros/mavros_msgs/msg/State.js)
Linked: (/home/aniraula/catkin_ws/devel/.private/mavros_msgs/share/gennodejs/ros/mavros_msgs/msg/Altitude.js, /home/aniraula/catkin_ws/devel/share/gennodejs/ros/mavros_msgs/msg/Altitude.js)
Linked: (/home/aniraula/catkin_ws/devel/.private/mavros_msgs/share/gennodejs/ros/mavros_msgs/msg/PositionTarget.js, /home/aniraula/catkin_ws/devel/share/gennodejs/ros/mavros_msgs/msg/PositionTarget.js)
Linked: (/home/aniraula/catkin_ws/devel/.private/mavros_msgs/share/gennodejs/ros/mavros_msgs/msg/ManualControl.js, /home/aniraula/catkin_ws/devel/share/gennodejs/ros/mavros_msgs/msg/ManualControl.js)
Linked: (/home/aniraula/catkin_ws/devel/.private/mavros_msgs/share/gennodejs/ros/mavros_msgs/msg/RCIn.js, /home/aniraula/catkin_ws/devel/share/gennodejs/ros/mavros_msgs/msg/RCIn.js)
Linked: (/home/aniraula/catkin_ws/devel/.private/mavros_msgs/share/gennodejs/ros/mavros_msgs/msg/TimesyncStatus.js, /home/aniraula/catkin_ws/devel/share/gennodejs/ros/mavros_msgs/msg/TimesyncStatus.js)
Linked: (/home/aniraula/catkin_ws/devel/.private/mavros_msgs/share/gennodejs/ros/mavros_msgs/msg/BatteryStatus.js, /home/aniraula/catkin_ws/devel/share/gennodejs/ros/mavros_msgs/msg/BatteryStatus.js)
Linked: (/home/aniraula/catkin_ws/devel/.private/mavros_msgs/share/gennodejs/ros/mavros_msgs/msg/StatusText.js, /home/aniraula/catkin_ws/devel/share/gennodejs/ros/mavros_msgs/msg/StatusText.js)
Linked: (/home/aniraula/catkin_ws/devel/.private/mavros_msgs/share/gennodejs/ros/mavros_msgs/msg/WaypointReached.js, /home/aniraula/catkin_ws/devel/share/gennodejs/ros/mavros_msgs/msg/WaypointReached.js)
Linked: (/home/aniraula/catkin_ws/devel/.private/mavros_msgs/share/gennodejs/ros/mavros_msgs/msg/OpticalFlowRad.js, /home/aniraula/catkin_ws/devel/share/gennodejs/ros/mavros_msgs/msg/OpticalFlowRad.js)
Linked: (/home/aniraula/catkin_ws/devel/.private/mavros_msgs/share/gennodejs/ros/mavros_msgs/msg/WaypointList.js, /home/aniraula/catkin_ws/devel/share/gennodejs/ros/mavros_msgs/msg/WaypointList.js)
Linked: (/home/aniraula/catkin_ws/devel/.private/mavros_msgs/share/gennodejs/ros/mavros_msgs/msg/HilActuatorControls.js, /home/aniraula/catkin_ws/devel/share/gennodejs/ros/mavros_msgs/msg/HilActuatorControls.js)
Linked: (/home/aniraula/catkin_ws/devel/.private/mavros_msgs/share/gennodejs/ros/mavros_msgs/msg/OverrideRCIn.js, /home/aniraula/catkin_ws/devel/share/gennodejs/ros/mavros_msgs/msg/OverrideRCIn.js)
Linked: (/home/aniraula/catkin_ws/devel/.private/mavros_msgs/share/gennodejs/ros/mavros_msgs/msg/HilSensor.js, /home/aniraula/catkin_ws/devel/share/gennodejs/ros/mavros_msgs/msg/HilSensor.js)
Linked: (/home/aniraula/catkin_ws/devel/.private/mavros_msgs/share/gennodejs/ros/mavros_msgs/msg/HilControls.js, /home/aniraula/catkin_ws/devel/share/gennodejs/ros/mavros_msgs/msg/HilControls.js)
Linked: (/home/aniraula/catkin_ws/devel/.private/mavros_msgs/share/gennodejs/ros/mavros_msgs/msg/Thrust.js, /home/aniraula/catkin_ws/devel/share/gennodejs/ros/mavros_msgs/msg/Thrust.js)
Linked: (/home/aniraula/catkin_ws/devel/.private/mavros_msgs/share/gennodejs/ros/mavros_msgs/msg/RadioStatus.js, /home/aniraula/catkin_ws/devel/share/gennodejs/ros/mavros_msgs/msg/RadioStatus.js)
Linked: (/home/aniraula/catkin_ws/devel/.private/mavros_msgs/share/gennodejs/ros/mavros_msgs/msg/Waypoint.js, /home/aniraula/catkin_ws/devel/share/gennodejs/ros/mavros_msgs/msg/Waypoint.js)
Linked: (/home/aniraula/catkin_ws/devel/.private/mavros_msgs/share/gennodejs/ros/mavros_msgs/msg/ParamValue.js, /home/aniraula/catkin_ws/devel/share/gennodejs/ros/mavros_msgs/msg/ParamValue.js)
Linked: (/home/aniraula/catkin_ws/devel/.private/mavros_msgs/share/gennodejs/ros/mavros_msgs/msg/RCOut.js, /home/aniraula/catkin_ws/devel/share/gennodejs/ros/mavros_msgs/msg/RCOut.js)
Linked: (/home/aniraula/catkin_ws/devel/.private/mavros_msgs/share/gennodejs/ros/mavros_msgs/msg/Vibration.js, /home/aniraula/catkin_ws/devel/share/gennodejs/ros/mavros_msgs/msg/Vibration.js)
Linked: (/home/aniraula/catkin_ws/devel/.private/mavros_msgs/share/gennodejs/ros/mavros_msgs/msg/RTCM.js, /home/aniraula/catkin_ws/devel/share/gennodejs/ros/mavros_msgs/msg/RTCM.js)
Linked: (/home/aniraula/catkin_ws/devel/.private/mavros_msgs/share/gennodejs/ros/mavros_msgs/msg/LogData.js, /home/aniraula/catkin_ws/devel/share/gennodejs/ros/mavros_msgs/msg/LogData.js)
Linked: (/home/aniraula/catkin_ws/devel/.private/mavros_msgs/share/gennodejs/ros/mavros_msgs/msg/Trajectory.js, /home/aniraula/catkin_ws/devel/share/gennodejs/ros/mavros_msgs/msg/Trajectory.js)
Linked: (/home/aniraula/catkin_ws/devel/.private/mavros_msgs/share/gennodejs/ros/mavros_msgs/msg/DebugValue.js, /home/aniraula/catkin_ws/devel/share/gennodejs/ros/mavros_msgs/msg/DebugValue.js)
Linked: (/home/aniraula/catkin_ws/devel/.private/mavros_msgs/share/gennodejs/ros/mavros_msgs/msg/CamIMUStamp.js, /home/aniraula/catkin_ws/devel/share/gennodejs/ros/mavros_msgs/msg/CamIMUStamp.js)
Linked: (/home/aniraula/catkin_ws/devel/.private/mavros_msgs/share/gennodejs/ros/mavros_msgs/msg/LogEntry.js, /home/aniraula/catkin_ws/devel/share/gennodejs/ros/mavros_msgs/msg/LogEntry.js)
Linked: (/home/aniraula/catkin_ws/devel/.private/mavros_msgs/share/gennodejs/ros/mavros_msgs/msg/AttitudeTarget.js, /home/aniraula/catkin_ws/devel/share/gennodejs/ros/mavros_msgs/msg/AttitudeTarget.js)
Linked: (/home/aniraula/catkin_ws/devel/.private/mavros_msgs/share/gennodejs/ros/mavros_msgs/msg/HomePosition.js, /home/aniraula/catkin_ws/devel/share/gennodejs/ros/mavros_msgs/msg/HomePosition.js)
Linked: (/home/aniraula/catkin_ws/devel/.private/mavros_msgs/share/gennodejs/ros/mavros_msgs/msg/CommandCode.js, /home/aniraula/catkin_ws/devel/share/gennodejs/ros/mavros_msgs/msg/CommandCode.js)
Linked: (/home/aniraula/catkin_ws/devel/.private/mavros_msgs/share/gennodejs/ros/mavros_msgs/srv/ParamGet.js, /home/aniraula/catkin_ws/devel/share/gennodejs/ros/mavros_msgs/srv/ParamGet.js)
Linked: (/home/aniraula/catkin_ws/devel/.private/mavros_msgs/share/gennodejs/ros/mavros_msgs/srv/CommandHome.js, /home/aniraula/catkin_ws/devel/share/gennodejs/ros/mavros_msgs/srv/CommandHome.js)
Linked: (/home/aniraula/catkin_ws/devel/.private/mavros_msgs/share/gennodejs/ros/mavros_msgs/srv/CommandBool.js, /home/aniraula/catkin_ws/devel/share/gennodejs/ros/mavros_msgs/srv/CommandBool.js)
Linked: (/home/aniraula/catkin_ws/devel/.private/mavros_msgs/share/gennodejs/ros/mavros_msgs/srv/_index.js, /home/aniraula/catkin_ws/devel/share/gennodejs/ros/mavros_msgs/srv/_index.js)
Linked: (/home/aniraula/catkin_ws/devel/.private/mavros_msgs/share/gennodejs/ros/mavros_msgs/srv/FileTruncate.js, /home/aniraula/catkin_ws/devel/share/gennodejs/ros/mavros_msgs/srv/FileTruncate.js)
Linked: (/home/aniraula/catkin_ws/devel/.private/mavros_msgs/share/gennodejs/ros/mavros_msgs/srv/FileRead.js, /home/aniraula/catkin_ws/devel/share/gennodejs/ros/mavros_msgs/srv/FileRead.js)
Linked: (/home/aniraula/catkin_ws/devel/.private/mavros_msgs/share/gennodejs/ros/mavros_msgs/srv/FileList.js, /home/aniraula/catkin_ws/devel/share/gennodejs/ros/mavros_msgs/srv/FileList.js)
Linked: (/home/aniraula/catkin_ws/devel/.private/mavros_msgs/share/gennodejs/ros/mavros_msgs/srv/WaypointPush.js, /home/aniraula/catkin_ws/devel/share/gennodejs/ros/mavros_msgs/srv/WaypointPush.js)
Linked: (/home/aniraula/catkin_ws/devel/.private/mavros_msgs/share/gennodejs/ros/mavros_msgs/srv/FileChecksum.js, /home/aniraula/catkin_ws/devel/share/gennodejs/ros/mavros_msgs/srv/FileChecksum.js)
Linked: (/home/aniraula/catkin_ws/devel/.private/mavros_msgs/share/gennodejs/ros/mavros_msgs/srv/ParamPull.js, /home/aniraula/catkin_ws/devel/share/gennodejs/ros/mavros_msgs/srv/ParamPull.js)
Linked: (/home/aniraula/catkin_ws/devel/.private/mavros_msgs/share/gennodejs/ros/mavros_msgs/srv/WaypointClear.js, /home/aniraula/catkin_ws/devel/share/gennodejs/ros/mavros_msgs/srv/WaypointClear.js)
Linked: (/home/aniraula/catkin_ws/devel/.private/mavros_msgs/share/gennodejs/ros/mavros_msgs/srv/WaypointSetCurrent.js, /home/aniraula/catkin_ws/devel/share/gennodejs/ros/mavros_msgs/srv/WaypointSetCurrent.js)
Linked: (/home/aniraula/catkin_ws/devel/.private/mavros_msgs/share/gennodejs/ros/mavros_msgs/srv/CommandTriggerControl.js, /home/aniraula/catkin_ws/devel/share/gennodejs/ros/mavros_msgs/srv/CommandTriggerControl.js)
Linked: (/home/aniraula/catkin_ws/devel/.private/mavros_msgs/share/gennodejs/ros/mavros_msgs/srv/LogRequestData.js, /home/aniraula/catkin_ws/devel/share/gennodejs/ros/mavros_msgs/srv/LogRequestData.js)
Linked: (/home/aniraula/catkin_ws/devel/.private/mavros_msgs/share/gennodejs/ros/mavros_msgs/srv/FileClose.js, /home/aniraula/catkin_ws/devel/share/gennodejs/ros/mavros_msgs/srv/FileClose.js)
Linked: (/home/aniraula/catkin_ws/devel/.private/mavros_msgs/share/gennodejs/ros/mavros_msgs/srv/WaypointPull.js, /home/aniraula/catkin_ws/devel/share/gennodejs/ros/mavros_msgs/srv/WaypointPull.js)
Linked: (/home/aniraula/catkin_ws/devel/.private/mavros_msgs/share/gennodejs/ros/mavros_msgs/srv/LogRequestList.js, /home/aniraula/catkin_ws/devel/share/gennodejs/ros/mavros_msgs/srv/LogRequestList.js)
Linked: (/home/aniraula/catkin_ws/devel/.private/mavros_msgs/share/gennodejs/ros/mavros_msgs/srv/SetMavFrame.js, /home/aniraula/catkin_ws/devel/share/gennodejs/ros/mavros_msgs/srv/SetMavFrame.js)
Linked: (/home/aniraula/catkin_ws/devel/.private/mavros_msgs/share/gennodejs/ros/mavros_msgs/srv/StreamRate.js, /home/aniraula/catkin_ws/devel/share/gennodejs/ros/mavros_msgs/srv/StreamRate.js)
Linked: (/home/aniraula/catkin_ws/devel/.private/mavros_msgs/share/gennodejs/ros/mavros_msgs/srv/CommandInt.js, /home/aniraula/catkin_ws/devel/share/gennodejs/ros/mavros_msgs/srv/CommandInt.js)
Linked: (/home/aniraula/catkin_ws/devel/.private/mavros_msgs/share/gennodejs/ros/mavros_msgs/srv/FileOpen.js, /home/aniraula/catkin_ws/devel/share/gennodejs/ros/mavros_msgs/srv/FileOpen.js)
Linked: (/home/aniraula/catkin_ws/devel/.private/mavros_msgs/share/gennodejs/ros/mavros_msgs/srv/LogRequestEnd.js, /home/aniraula/catkin_ws/devel/share/gennodejs/ros/mavros_msgs/srv/LogRequestEnd.js)
Linked: (/home/aniraula/catkin_ws/devel/.private/mavros_msgs/share/gennodejs/ros/mavros_msgs/srv/SetMode.js, /home/aniraula/catkin_ws/devel/share/gennodejs/ros/mavros_msgs/srv/SetMode.js)
Linked: (/home/aniraula/catkin_ws/devel/.private/mavros_msgs/share/gennodejs/ros/mavros_msgs/srv/FileWrite.js, /home/aniraula/catkin_ws/devel/share/gennodejs/ros/mavros_msgs/srv/FileWrite.js)
Linked: (/home/aniraula/catkin_ws/devel/.private/mavros_msgs/share/gennodejs/ros/mavros_msgs/srv/CommandLong.js, /home/aniraula/catkin_ws/devel/share/gennodejs/ros/mavros_msgs/srv/CommandLong.js)
Linked: (/home/aniraula/catkin_ws/devel/.private/mavros_msgs/share/gennodejs/ros/mavros_msgs/srv/FileRemove.js, /home/aniraula/catkin_ws/devel/share/gennodejs/ros/mavros_msgs/srv/FileRemove.js)
Linked: (/home/aniraula/catkin_ws/devel/.private/mavros_msgs/share/gennodejs/ros/mavros_msgs/srv/ParamSet.js, /home/aniraula/catkin_ws/devel/share/gennodejs/ros/mavros_msgs/srv/ParamSet.js)
Linked: (/home/aniraula/catkin_ws/devel/.private/mavros_msgs/share/gennodejs/ros/mavros_msgs/srv/CommandTOL.js, /home/aniraula/catkin_ws/devel/share/gennodejs/ros/mavros_msgs/srv/CommandTOL.js)
Linked: (/home/aniraula/catkin_ws/devel/.private/mavros_msgs/share/gennodejs/ros/mavros_msgs/srv/FileRemoveDir.js, /home/aniraula/catkin_ws/devel/share/gennodejs/ros/mavros_msgs/srv/FileRemoveDir.js)
Linked: (/home/aniraula/catkin_ws/devel/.private/mavros_msgs/share/gennodejs/ros/mavros_msgs/srv/FileMakeDir.js, /home/aniraula/catkin_ws/devel/share/gennodejs/ros/mavros_msgs/srv/FileMakeDir.js)
Linked: (/home/aniraula/catkin_ws/devel/.private/mavros_msgs/share/gennodejs/ros/mavros_msgs/srv/FileRename.js, /home/aniraula/catkin_ws/devel/share/gennodejs/ros/mavros_msgs/srv/FileRename.js)
Linked: (/home/aniraula/catkin_ws/devel/.private/mavros_msgs/share/gennodejs/ros/mavros_msgs/srv/ParamPush.js, /home/aniraula/catkin_ws/devel/share/gennodejs/ros/mavros_msgs/srv/ParamPush.js)
Linked: (/home/aniraula/catkin_ws/devel/.private/mavros_msgs/share/common-lisp/ros/mavros_msgs/msg/LogEntry.lisp, /home/aniraula/catkin_ws/devel/share/common-lisp/ros/mavros_msgs/msg/LogEntry.lisp)
Linked: (/home/aniraula/catkin_ws/devel/.private/mavros_msgs/share/common-lisp/ros/mavros_msgs/msg/_package_WaypointList.lisp, /home/aniraula/catkin_ws/devel/share/common-lisp/ros/mavros_msgs/msg/_package_WaypointList.lisp)
Linked: (/home/aniraula/catkin_ws/devel/.private/mavros_msgs/share/common-lisp/ros/mavros_msgs/msg/_package_RTCM.lisp, /home/aniraula/catkin_ws/devel/share/common-lisp/ros/mavros_msgs/msg/_package_RTCM.lisp)
Linked: (/home/aniraula/catkin_ws/devel/.private/mavros_msgs/share/common-lisp/ros/mavros_msgs/msg/_package_ExtendedState.lisp, /home/aniraula/catkin_ws/devel/share/common-lisp/ros/mavros_msgs/msg/_package_ExtendedState.lisp)
Linked: (/home/aniraula/catkin_ws/devel/.private/mavros_msgs/share/common-lisp/ros/mavros_msgs/msg/ExtendedState.lisp, /home/aniraula/catkin_ws/devel/share/common-lisp/ros/mavros_msgs/msg/ExtendedState.lisp)
Linked: (/home/aniraula/catkin_ws/devel/.private/mavros_msgs/share/common-lisp/ros/mavros_msgs/msg/_package_DebugValue.lisp, /home/aniraula/catkin_ws/devel/share/common-lisp/ros/mavros_msgs/msg/_package_DebugValue.lisp)
Linked: (/home/aniraula/catkin_ws/devel/.private/mavros_msgs/share/common-lisp/ros/mavros_msgs/msg/_package_RadioStatus.lisp, /home/aniraula/catkin_ws/devel/share/common-lisp/ros/mavros_msgs/msg/_package_RadioStatus.lisp)
Linked: (/home/aniraula/catkin_ws/devel/.private/mavros_msgs/share/common-lisp/ros/mavros_msgs/msg/RCOut.lisp, /home/aniraula/catkin_ws/devel/share/common-lisp/ros/mavros_msgs/msg/RCOut.lisp)
Linked: (/home/aniraula/catkin_ws/devel/.private/mavros_msgs/share/common-lisp/ros/mavros_msgs/msg/Waypoint.lisp, /home/aniraula/catkin_ws/devel/share/common-lisp/ros/mavros_msgs/msg/Waypoint.lisp)
Linked: (/home/aniraula/catkin_ws/devel/.private/mavros_msgs/share/common-lisp/ros/mavros_msgs/msg/PositionTarget.lisp, /home/aniraula/catkin_ws/devel/share/common-lisp/ros/mavros_msgs/msg/PositionTarget.lisp)
Linked: (/home/aniraula/catkin_ws/devel/.private/mavros_msgs/share/common-lisp/ros/mavros_msgs/msg/_package_StatusText.lisp, /home/aniraula/catkin_ws/devel/share/common-lisp/ros/mavros_msgs/msg/_package_StatusText.lisp)
Linked: (/home/aniraula/catkin_ws/devel/.private/mavros_msgs/share/common-lisp/ros/mavros_msgs/msg/_package_Vibration.lisp, /home/aniraula/catkin_ws/devel/share/common-lisp/ros/mavros_msgs/msg/_package_Vibration.lisp)
Linked: (/home/aniraula/catkin_ws/devel/.private/mavros_msgs/share/common-lisp/ros/mavros_msgs/msg/_package_HilStateQuaternion.lisp, /home/aniraula/catkin_ws/devel/share/common-lisp/ros/mavros_msgs/msg/_package_HilStateQuaternion.lisp)
Linked: (/home/aniraula/catkin_ws/devel/.private/mavros_msgs/share/common-lisp/ros/mavros_msgs/msg/_package_LogData.lisp, /home/aniraula/catkin_ws/devel/share/common-lisp/ros/mavros_msgs/msg/_package_LogData.lisp)
Linked: (/home/aniraula/catkin_ws/devel/.private/mavros_msgs/share/common-lisp/ros/mavros_msgs/msg/_package_AttitudeTarget.lisp, /home/aniraula/catkin_ws/devel/share/common-lisp/ros/mavros_msgs/msg/_package_AttitudeTarget.lisp)
Linked: (/home/aniraula/catkin_ws/devel/.private/mavros_msgs/share/common-lisp/ros/mavros_msgs/msg/_package_LogEntry.lisp, /home/aniraula/catkin_ws/devel/share/common-lisp/ros/mavros_msgs/msg/_package_LogEntry.lisp)
Linked: (/home/aniraula/catkin_ws/devel/.private/mavros_msgs/share/common-lisp/ros/mavros_msgs/msg/RTCM.lisp, /home/aniraula/catkin_ws/devel/share/common-lisp/ros/mavros_msgs/msg/RTCM.lisp)
Linked: (/home/aniraula/catkin_ws/devel/.private/mavros_msgs/share/common-lisp/ros/mavros_msgs/msg/OpticalFlowRad.lisp, /home/aniraula/catkin_ws/devel/share/common-lisp/ros/mavros_msgs/msg/OpticalFlowRad.lisp)
Linked: (/home/aniraula/catkin_ws/devel/.private/mavros_msgs/share/common-lisp/ros/mavros_msgs/msg/Altitude.lisp, /home/aniraula/catkin_ws/devel/share/common-lisp/ros/mavros_msgs/msg/Altitude.lisp)
Linked: (/home/aniraula/catkin_ws/devel/.private/mavros_msgs/share/common-lisp/ros/mavros_msgs/msg/Trajectory.lisp, /home/aniraula/catkin_ws/devel/share/common-lisp/ros/mavros_msgs/msg/Trajectory.lisp)
Linked: (/home/aniraula/catkin_ws/devel/.private/mavros_msgs/share/common-lisp/ros/mavros_msgs/msg/_package_VFR_HUD.lisp, /home/aniraula/catkin_ws/devel/share/common-lisp/ros/mavros_msgs/msg/_package_VFR_HUD.lisp)
Linked: (/home/aniraula/catkin_ws/devel/.private/mavros_msgs/share/common-lisp/ros/mavros_msgs/msg/Mavlink.lisp, /home/aniraula/catkin_ws/devel/share/common-lisp/ros/mavros_msgs/msg/Mavlink.lisp)
Linked: (/home/aniraula/catkin_ws/devel/.private/mavros_msgs/share/common-lisp/ros/mavros_msgs/msg/ManualControl.lisp, /home/aniraula/catkin_ws/devel/share/common-lisp/ros/mavros_msgs/msg/ManualControl.lisp)
Linked: (/home/aniraula/catkin_ws/devel/.private/mavros_msgs/share/common-lisp/ros/mavros_msgs/msg/BatteryStatus.lisp, /home/aniraula/catkin_ws/devel/share/common-lisp/ros/mavros_msgs/msg/BatteryStatus.lisp)
Linked: (/home/aniraula/catkin_ws/devel/.private/mavros_msgs/share/common-lisp/ros/mavros_msgs/msg/_package_HilActuatorControls.lisp, /home/aniraula/catkin_ws/devel/share/common-lisp/ros/mavros_msgs/msg/_package_HilActuatorControls.lisp)
Linked: (/home/aniraula/catkin_ws/devel/.private/mavros_msgs/share/common-lisp/ros/mavros_msgs/msg/ParamValue.lisp, /home/aniraula/catkin_ws/devel/share/common-lisp/ros/mavros_msgs/msg/ParamValue.lisp)
Linked: (/home/aniraula/catkin_ws/devel/.private/mavros_msgs/share/common-lisp/ros/mavros_msgs/msg/HomePosition.lisp, /home/aniraula/catkin_ws/devel/share/common-lisp/ros/mavros_msgs/msg/HomePosition.lisp)
Linked: (/home/aniraula/catkin_ws/devel/.private/mavros_msgs/share/common-lisp/ros/mavros_msgs/msg/OverrideRCIn.lisp, /home/aniraula/catkin_ws/devel/share/common-lisp/ros/mavros_msgs/msg/OverrideRCIn.lisp)
Linked: (/home/aniraula/catkin_ws/devel/.private/mavros_msgs/share/common-lisp/ros/mavros_msgs/msg/HilControls.lisp, /home/aniraula/catkin_ws/devel/share/common-lisp/ros/mavros_msgs/msg/HilControls.lisp)
Linked: (/home/aniraula/catkin_ws/devel/.private/mavros_msgs/share/common-lisp/ros/mavros_msgs/msg/AttitudeTarget.lisp, /home/aniraula/catkin_ws/devel/share/common-lisp/ros/mavros_msgs/msg/AttitudeTarget.lisp)
Linked: (/home/aniraula/catkin_ws/devel/.private/mavros_msgs/share/common-lisp/ros/mavros_msgs/msg/_package_Mavlink.lisp, /home/aniraula/catkin_ws/devel/share/common-lisp/ros/mavros_msgs/msg/_package_Mavlink.lisp)
Linked: (/home/aniraula/catkin_ws/devel/.private/mavros_msgs/share/common-lisp/ros/mavros_msgs/msg/RCIn.lisp, /home/aniraula/catkin_ws/devel/share/common-lisp/ros/mavros_msgs/msg/RCIn.lisp)
Linked: (/home/aniraula/catkin_ws/devel/.private/mavros_msgs/share/common-lisp/ros/mavros_msgs/msg/_package_TimesyncStatus.lisp, /home/aniraula/catkin_ws/devel/share/common-lisp/ros/mavros_msgs/msg/_package_TimesyncStatus.lisp)
Linked: (/home/aniraula/catkin_ws/devel/.private/mavros_msgs/share/common-lisp/ros/mavros_msgs/msg/RadioStatus.lisp, /home/aniraula/catkin_ws/devel/share/common-lisp/ros/mavros_msgs/msg/RadioStatus.lisp)
Linked: (/home/aniraula/catkin_ws/devel/.private/mavros_msgs/share/common-lisp/ros/mavros_msgs/msg/_package_RCIn.lisp, /home/aniraula/catkin_ws/devel/share/common-lisp/ros/mavros_msgs/msg/_package_RCIn.lisp)
Linked: (/home/aniraula/catkin_ws/devel/.private/mavros_msgs/share/common-lisp/ros/mavros_msgs/msg/_package_State.lisp, /home/aniraula/catkin_ws/devel/share/common-lisp/ros/mavros_msgs/msg/_package_State.lisp)
Linked: (/home/aniraula/catkin_ws/devel/.private/mavros_msgs/share/common-lisp/ros/mavros_msgs/msg/_package.lisp, /home/aniraula/catkin_ws/devel/share/common-lisp/ros/mavros_msgs/msg/_package.lisp)
Linked: (/home/aniraula/catkin_ws/devel/.private/mavros_msgs/share/common-lisp/ros/mavros_msgs/msg/WaypointList.lisp, /home/aniraula/catkin_ws/devel/share/common-lisp/ros/mavros_msgs/msg/WaypointList.lisp)
Linked: (/home/aniraula/catkin_ws/devel/.private/mavros_msgs/share/common-lisp/ros/mavros_msgs/msg/Vibration.lisp, /home/aniraula/catkin_ws/devel/share/common-lisp/ros/mavros_msgs/msg/Vibration.lisp)
Linked: (/home/aniraula/catkin_ws/devel/.private/mavros_msgs/share/common-lisp/ros/mavros_msgs/msg/_package_CommandCode.lisp, /home/aniraula/catkin_ws/devel/share/common-lisp/ros/mavros_msgs/msg/_package_CommandCode.lisp)
Linked: (/home/aniraula/catkin_ws/devel/.private/mavros_msgs/share/common-lisp/ros/mavros_msgs/msg/CommandCode.lisp, /home/aniraula/catkin_ws/devel/share/common-lisp/ros/mavros_msgs/msg/CommandCode.lisp)
Linked: (/home/aniraula/catkin_ws/devel/.private/mavros_msgs/share/common-lisp/ros/mavros_msgs/msg/CamIMUStamp.lisp, /home/aniraula/catkin_ws/devel/share/common-lisp/ros/mavros_msgs/msg/CamIMUStamp.lisp)
Linked: (/home/aniraula/catkin_ws/devel/.private/mavros_msgs/share/common-lisp/ros/mavros_msgs/msg/State.lisp, /home/aniraula/catkin_ws/devel/share/common-lisp/ros/mavros_msgs/msg/State.lisp)
Linked: (/home/aniraula/catkin_ws/devel/.private/mavros_msgs/share/common-lisp/ros/mavros_msgs/msg/_package_FileEntry.lisp, /home/aniraula/catkin_ws/devel/share/common-lisp/ros/mavros_msgs/msg/_package_FileEntry.lisp)
Linked: (/home/aniraula/catkin_ws/devel/.private/mavros_msgs/share/common-lisp/ros/mavros_msgs/msg/GlobalPositionTarget.lisp, /home/aniraula/catkin_ws/devel/share/common-lisp/ros/mavros_msgs/msg/GlobalPositionTarget.lisp)
Linked: (/home/aniraula/catkin_ws/devel/.private/mavros_msgs/share/common-lisp/ros/mavros_msgs/msg/ADSBVehicle.lisp, /home/aniraula/catkin_ws/devel/share/common-lisp/ros/mavros_msgs/msg/ADSBVehicle.lisp)
Linked: (/home/aniraula/catkin_ws/devel/.private/mavros_msgs/share/common-lisp/ros/mavros_msgs/msg/_package_BatteryStatus.lisp, /home/aniraula/catkin_ws/devel/share/common-lisp/ros/mavros_msgs/msg/_package_BatteryStatus.lisp)
Linked: (/home/aniraula/catkin_ws/devel/.private/mavros_msgs/share/common-lisp/ros/mavros_msgs/msg/_package_OverrideRCIn.lisp, /home/aniraula/catkin_ws/devel/share/common-lisp/ros/mavros_msgs/msg/_package_OverrideRCIn.lisp)
Linked: (/home/aniraula/catkin_ws/devel/.private/mavros_msgs/share/common-lisp/ros/mavros_msgs/msg/HilGPS.lisp, /home/aniraula/catkin_ws/devel/share/common-lisp/ros/mavros_msgs/msg/HilGPS.lisp)
Linked: (/home/aniraula/catkin_ws/devel/.private/mavros_msgs/share/common-lisp/ros/mavros_msgs/msg/HilActuatorControls.lisp, /home/aniraula/catkin_ws/devel/share/common-lisp/ros/mavros_msgs/msg/HilActuatorControls.lisp)
Linked: (/home/aniraula/catkin_ws/devel/.private/mavros_msgs/share/common-lisp/ros/mavros_msgs/msg/mavros_msgs-msg.asd, /home/aniraula/catkin_ws/devel/share/common-lisp/ros/mavros_msgs/msg/mavros_msgs-msg.asd)
Linked: (/home/aniraula/catkin_ws/devel/.private/mavros_msgs/share/common-lisp/ros/mavros_msgs/msg/LogData.lisp, /home/aniraula/catkin_ws/devel/share/common-lisp/ros/mavros_msgs/msg/LogData.lisp)
Linked: (/home/aniraula/catkin_ws/devel/.private/mavros_msgs/share/common-lisp/ros/mavros_msgs/msg/_package_WaypointReached.lisp, /home/aniraula/catkin_ws/devel/share/common-lisp/ros/mavros_msgs/msg/_package_WaypointReached.lisp)
Linked: (/home/aniraula/catkin_ws/devel/.private/mavros_msgs/share/common-lisp/ros/mavros_msgs/msg/DebugValue.lisp, /home/aniraula/catkin_ws/devel/share/common-lisp/ros/mavros_msgs/msg/DebugValue.lisp)
Linked: (/home/aniraula/catkin_ws/devel/.private/mavros_msgs/share/common-lisp/ros/mavros_msgs/msg/_package_Waypoint.lisp, /home/aniraula/catkin_ws/devel/share/common-lisp/ros/mavros_msgs/msg/_package_Waypoint.lisp)
Linked: (/home/aniraula/catkin_ws/devel/.private/mavros_msgs/share/common-lisp/ros/mavros_msgs/msg/_package_HilControls.lisp, /home/aniraula/catkin_ws/devel/share/common-lisp/ros/mavros_msgs/msg/_package_HilControls.lisp)
Linked: (/home/aniraula/catkin_ws/devel/.private/mavros_msgs/share/common-lisp/ros/mavros_msgs/msg/HilSensor.lisp, /home/aniraula/catkin_ws/devel/share/common-lisp/ros/mavros_msgs/msg/HilSensor.lisp)
Linked: (/home/aniraula/catkin_ws/devel/.private/mavros_msgs/share/common-lisp/ros/mavros_msgs/msg/VFR_HUD.lisp, /home/aniraula/catkin_ws/devel/share/common-lisp/ros/mavros_msgs/msg/VFR_HUD.lisp)
Linked: (/home/aniraula/catkin_ws/devel/.private/mavros_msgs/share/common-lisp/ros/mavros_msgs/msg/_package_HilSensor.lisp, /home/aniraula/catkin_ws/devel/share/common-lisp/ros/mavros_msgs/msg/_package_HilSensor.lisp)
Linked: (/home/aniraula/catkin_ws/devel/.private/mavros_msgs/share/common-lisp/ros/mavros_msgs/msg/_package_CamIMUStamp.lisp, /home/aniraula/catkin_ws/devel/share/common-lisp/ros/mavros_msgs/msg/_package_CamIMUStamp.lisp)
Linked: (/home/aniraula/catkin_ws/devel/.private/mavros_msgs/share/common-lisp/ros/mavros_msgs/msg/_package_ParamValue.lisp, /home/aniraula/catkin_ws/devel/share/common-lisp/ros/mavros_msgs/msg/_package_ParamValue.lisp)
Linked: (/home/aniraula/catkin_ws/devel/.private/mavros_msgs/share/common-lisp/ros/mavros_msgs/msg/_package_Altitude.lisp, /home/aniraula/catkin_ws/devel/share/common-lisp/ros/mavros_msgs/msg/_package_Altitude.lisp)
Linked: (/home/aniraula/catkin_ws/devel/.private/mavros_msgs/share/common-lisp/ros/mavros_msgs/msg/_package_Thrust.lisp, /home/aniraula/catkin_ws/devel/share/common-lisp/ros/mavros_msgs/msg/_package_Thrust.lisp)
Linked: (/home/aniraula/catkin_ws/devel/.private/mavros_msgs/share/common-lisp/ros/mavros_msgs/msg/_package_Trajectory.lisp, /home/aniraula/catkin_ws/devel/share/common-lisp/ros/mavros_msgs/msg/_package_Trajectory.lisp)
Linked: (/home/aniraula/catkin_ws/devel/.private/mavros_msgs/share/common-lisp/ros/mavros_msgs/msg/_package_ManualControl.lisp, /home/aniraula/catkin_ws/devel/share/common-lisp/ros/mavros_msgs/msg/_package_ManualControl.lisp)
Linked: (/home/aniraula/catkin_ws/devel/.private/mavros_msgs/share/common-lisp/ros/mavros_msgs/msg/StatusText.lisp, /home/aniraula/catkin_ws/devel/share/common-lisp/ros/mavros_msgs/msg/StatusText.lisp)
Linked: (/home/aniraula/catkin_ws/devel/.private/mavros_msgs/share/common-lisp/ros/mavros_msgs/msg/TimesyncStatus.lisp, /home/aniraula/catkin_ws/devel/share/common-lisp/ros/mavros_msgs/msg/TimesyncStatus.lisp)
Linked: (/home/aniraula/catkin_ws/devel/.private/mavros_msgs/share/common-lisp/ros/mavros_msgs/msg/_package_OpticalFlowRad.lisp, /home/aniraula/catkin_ws/devel/share/common-lisp/ros/mavros_msgs/msg/_package_OpticalFlowRad.lisp)
Linked: (/home/aniraula/catkin_ws/devel/.private/mavros_msgs/share/common-lisp/ros/mavros_msgs/msg/HilStateQuaternion.lisp, /home/aniraula/catkin_ws/devel/share/common-lisp/ros/mavros_msgs/msg/HilStateQuaternion.lisp)
Linked: (/home/aniraula/catkin_ws/devel/.private/mavros_msgs/share/common-lisp/ros/mavros_msgs/msg/FileEntry.lisp, /home/aniraula/catkin_ws/devel/share/common-lisp/ros/mavros_msgs/msg/FileEntry.lisp)
Linked: (/home/aniraula/catkin_ws/devel/.private/mavros_msgs/share/common-lisp/ros/mavros_msgs/msg/ActuatorControl.lisp, /home/aniraula/catkin_ws/devel/share/common-lisp/ros/mavros_msgs/msg/ActuatorControl.lisp)
Linked: (/home/aniraula/catkin_ws/devel/.private/mavros_msgs/share/common-lisp/ros/mavros_msgs/msg/_package_RCOut.lisp, /home/aniraula/catkin_ws/devel/share/common-lisp/ros/mavros_msgs/msg/_package_RCOut.lisp)
Linked: (/home/aniraula/catkin_ws/devel/.private/mavros_msgs/share/common-lisp/ros/mavros_msgs/msg/Thrust.lisp, /home/aniraula/catkin_ws/devel/share/common-lisp/ros/mavros_msgs/msg/Thrust.lisp)
Linked: (/home/aniraula/catkin_ws/devel/.private/mavros_msgs/share/common-lisp/ros/mavros_msgs/msg/_package_ADSBVehicle.lisp, /home/aniraula/catkin_ws/devel/share/common-lisp/ros/mavros_msgs/msg/_package_ADSBVehicle.lisp)
Linked: (/home/aniraula/catkin_ws/devel/.private/mavros_msgs/share/common-lisp/ros/mavros_msgs/msg/_package_ActuatorControl.lisp, /home/aniraula/catkin_ws/devel/share/common-lisp/ros/mavros_msgs/msg/_package_ActuatorControl.lisp)
Linked: (/home/aniraula/catkin_ws/devel/.private/mavros_msgs/share/common-lisp/ros/mavros_msgs/msg/_package_GlobalPositionTarget.lisp, /home/aniraula/catkin_ws/devel/share/common-lisp/ros/mavros_msgs/msg/_package_GlobalPositionTarget.lisp)
Linked: (/home/aniraula/catkin_ws/devel/.private/mavros_msgs/share/common-lisp/ros/mavros_msgs/msg/_package_PositionTarget.lisp, /home/aniraula/catkin_ws/devel/share/common-lisp/ros/mavros_msgs/msg/_package_PositionTarget.lisp)
Linked: (/home/aniraula/catkin_ws/devel/.private/mavros_msgs/share/common-lisp/ros/mavros_msgs/msg/WaypointReached.lisp, /home/aniraula/catkin_ws/devel/share/common-lisp/ros/mavros_msgs/msg/WaypointReached.lisp)
Linked: (/home/aniraula/catkin_ws/devel/.private/mavros_msgs/share/common-lisp/ros/mavros_msgs/msg/_package_HilGPS.lisp, /home/aniraula/catkin_ws/devel/share/common-lisp/ros/mavros_msgs/msg/_package_HilGPS.lisp)
Linked: (/home/aniraula/catkin_ws/devel/.private/mavros_msgs/share/common-lisp/ros/mavros_msgs/msg/_package_HomePosition.lisp, /home/aniraula/catkin_ws/devel/share/common-lisp/ros/mavros_msgs/msg/_package_HomePosition.lisp)
Linked: (/home/aniraula/catkin_ws/devel/.private/mavros_msgs/share/common-lisp/ros/mavros_msgs/srv/_package_ParamPush.lisp, /home/aniraula/catkin_ws/devel/share/common-lisp/ros/mavros_msgs/srv/_package_ParamPush.lisp)
Linked: (/home/aniraula/catkin_ws/devel/.private/mavros_msgs/share/common-lisp/ros/mavros_msgs/srv/_package_StreamRate.lisp, /home/aniraula/catkin_ws/devel/share/common-lisp/ros/mavros_msgs/srv/_package_StreamRate.lisp)
Linked: (/home/aniraula/catkin_ws/devel/.private/mavros_msgs/share/common-lisp/ros/mavros_msgs/srv/_package_FileRemoveDir.lisp, /home/aniraula/catkin_ws/devel/share/common-lisp/ros/mavros_msgs/srv/_package_FileRemoveDir.lisp)
Linked: (/home/aniraula/catkin_ws/devel/.private/mavros_msgs/share/common-lisp/ros/mavros_msgs/srv/FileRename.lisp, /home/aniraula/catkin_ws/devel/share/common-lisp/ros/mavros_msgs/srv/FileRename.lisp)
Linked: (/home/aniraula/catkin_ws/devel/.private/mavros_msgs/share/common-lisp/ros/mavros_msgs/srv/FileRead.lisp, /home/aniraula/catkin_ws/devel/share/common-lisp/ros/mavros_msgs/srv/FileRead.lisp)
Linked: (/home/aniraula/catkin_ws/devel/.private/mavros_msgs/share/common-lisp/ros/mavros_msgs/srv/ParamGet.lisp, /home/aniraula/catkin_ws/devel/share/common-lisp/ros/mavros_msgs/srv/ParamGet.lisp)
Linked: (/home/aniraula/catkin_ws/devel/.private/mavros_msgs/share/common-lisp/ros/mavros_msgs/srv/_package_SetMavFrame.lisp, /home/aniraula/catkin_ws/devel/share/common-lisp/ros/mavros_msgs/srv/_package_SetMavFrame.lisp)
Linked: (/home/aniraula/catkin_ws/devel/.private/mavros_msgs/share/common-lisp/ros/mavros_msgs/srv/_package_FileRead.lisp, /home/aniraula/catkin_ws/devel/share/common-lisp/ros/mavros_msgs/srv/_package_FileRead.lisp)
Linked: (/home/aniraula/catkin_ws/devel/.private/mavros_msgs/share/common-lisp/ros/mavros_msgs/srv/_package_CommandBool.lisp, /home/aniraula/catkin_ws/devel/share/common-lisp/ros/mavros_msgs/srv/_package_CommandBool.lisp)
Linked: (/home/aniraula/catkin_ws/devel/.private/mavros_msgs/share/common-lisp/ros/mavros_msgs/srv/CommandLong.lisp, /home/aniraula/catkin_ws/devel/share/common-lisp/ros/mavros_msgs/srv/CommandLong.lisp)
Linked: (/home/aniraula/catkin_ws/devel/.private/mavros_msgs/share/common-lisp/ros/mavros_msgs/srv/CommandTOL.lisp, /home/aniraula/catkin_ws/devel/share/common-lisp/ros/mavros_msgs/srv/CommandTOL.lisp)
Linked: (/home/aniraula/catkin_ws/devel/.private/mavros_msgs/share/common-lisp/ros/mavros_msgs/srv/CommandBool.lisp, /home/aniraula/catkin_ws/devel/share/common-lisp/ros/mavros_msgs/srv/CommandBool.lisp)
Linked: (/home/aniraula/catkin_ws/devel/.private/mavros_msgs/share/common-lisp/ros/mavros_msgs/srv/_package_FileOpen.lisp, /home/aniraula/catkin_ws/devel/share/common-lisp/ros/mavros_msgs/srv/_package_FileOpen.lisp)
Linked: (/home/aniraula/catkin_ws/devel/.private/mavros_msgs/share/common-lisp/ros/mavros_msgs/srv/FileRemoveDir.lisp, /home/aniraula/catkin_ws/devel/share/common-lisp/ros/mavros_msgs/srv/FileRemoveDir.lisp)
Linked: (/home/aniraula/catkin_ws/devel/.private/mavros_msgs/share/common-lisp/ros/mavros_msgs/srv/_package_ParamPull.lisp, /home/aniraula/catkin_ws/devel/share/common-lisp/ros/mavros_msgs/srv/_package_ParamPull.lisp)
Linked: (/home/aniraula/catkin_ws/devel/.private/mavros_msgs/share/common-lisp/ros/mavros_msgs/srv/_package_FileRemove.lisp, /home/aniraula/catkin_ws/devel/share/common-lisp/ros/mavros_msgs/srv/_package_FileRemove.lisp)
Linked: (/home/aniraula/catkin_ws/devel/.private/mavros_msgs/share/common-lisp/ros/mavros_msgs/srv/FileWrite.lisp, /home/aniraula/catkin_ws/devel/share/common-lisp/ros/mavros_msgs/srv/FileWrite.lisp)
Linked: (/home/aniraula/catkin_ws/devel/.private/mavros_msgs/share/common-lisp/ros/mavros_msgs/srv/FileMakeDir.lisp, /home/aniraula/catkin_ws/devel/share/common-lisp/ros/mavros_msgs/srv/FileMakeDir.lisp)
Linked: (/home/aniraula/catkin_ws/devel/.private/mavros_msgs/share/common-lisp/ros/mavros_msgs/srv/_package_ParamGet.lisp, /home/aniraula/catkin_ws/devel/share/common-lisp/ros/mavros_msgs/srv/_package_ParamGet.lisp)
Linked: (/home/aniraula/catkin_ws/devel/.private/mavros_msgs/share/common-lisp/ros/mavros_msgs/srv/_package_CommandTOL.lisp, /home/aniraula/catkin_ws/devel/share/common-lisp/ros/mavros_msgs/srv/_package_CommandTOL.lisp)
Linked: (/home/aniraula/catkin_ws/devel/.private/mavros_msgs/share/common-lisp/ros/mavros_msgs/srv/ParamPush.lisp, /home/aniraula/catkin_ws/devel/share/common-lisp/ros/mavros_msgs/srv/ParamPush.lisp)
Linked: (/home/aniraula/catkin_ws/devel/.private/mavros_msgs/share/common-lisp/ros/mavros_msgs/srv/LogRequestEnd.lisp, /home/aniraula/catkin_ws/devel/share/common-lisp/ros/mavros_msgs/srv/LogRequestEnd.lisp)
Linked: (/home/aniraula/catkin_ws/devel/.private/mavros_msgs/share/common-lisp/ros/mavros_msgs/srv/FileChecksum.lisp, /home/aniraula/catkin_ws/devel/share/common-lisp/ros/mavros_msgs/srv/FileChecksum.lisp)
Linked: (/home/aniraula/catkin_ws/devel/.private/mavros_msgs/share/common-lisp/ros/mavros_msgs/srv/_package_FileWrite.lisp, /home/aniraula/catkin_ws/devel/share/common-lisp/ros/mavros_msgs/srv/_package_FileWrite.lisp)
Linked: (/home/aniraula/catkin_ws/devel/.private/mavros_msgs/share/common-lisp/ros/mavros_msgs/srv/_package_CommandLong.lisp, /home/aniraula/catkin_ws/devel/share/common-lisp/ros/mavros_msgs/srv/_package_CommandLong.lisp)
Linked: (/home/aniraula/catkin_ws/devel/.private/mavros_msgs/share/common-lisp/ros/mavros_msgs/srv/_package.lisp, /home/aniraula/catkin_ws/devel/share/common-lisp/ros/mavros_msgs/srv/_package.lisp)
Linked: (/home/aniraula/catkin_ws/devel/.private/mavros_msgs/share/common-lisp/ros/mavros_msgs/srv/FileRemove.lisp, /home/aniraula/catkin_ws/devel/share/common-lisp/ros/mavros_msgs/srv/FileRemove.lisp)
Linked: (/home/aniraula/catkin_ws/devel/.private/mavros_msgs/share/common-lisp/ros/mavros_msgs/srv/CommandTriggerControl.lisp, /home/aniraula/catkin_ws/devel/share/common-lisp/ros/mavros_msgs/srv/CommandTriggerControl.lisp)
Linked: (/home/aniraula/catkin_ws/devel/.private/mavros_msgs/share/common-lisp/ros/mavros_msgs/srv/WaypointClear.lisp, /home/aniraula/catkin_ws/devel/share/common-lisp/ros/mavros_msgs/srv/WaypointClear.lisp)
Linked: (/home/aniraula/catkin_ws/devel/.private/mavros_msgs/share/common-lisp/ros/mavros_msgs/srv/FileList.lisp, /home/aniraula/catkin_ws/devel/share/common-lisp/ros/mavros_msgs/srv/FileList.lisp)
Linked: (/home/aniraula/catkin_ws/devel/.private/mavros_msgs/share/common-lisp/ros/mavros_msgs/srv/_package_ParamSet.lisp, /home/aniraula/catkin_ws/devel/share/common-lisp/ros/mavros_msgs/srv/_package_ParamSet.lisp)
Linked: (/home/aniraula/catkin_ws/devel/.private/mavros_msgs/share/common-lisp/ros/mavros_msgs/srv/_package_FileClose.lisp, /home/aniraula/catkin_ws/devel/share/common-lisp/ros/mavros_msgs/srv/_package_FileClose.lisp)
Linked: (/home/aniraula/catkin_ws/devel/.private/mavros_msgs/share/common-lisp/ros/mavros_msgs/srv/FileClose.lisp, /home/aniraula/catkin_ws/devel/share/common-lisp/ros/mavros_msgs/srv/FileClose.lisp)
Linked: (/home/aniraula/catkin_ws/devel/.private/mavros_msgs/share/common-lisp/ros/mavros_msgs/srv/_package_CommandInt.lisp, /home/aniraula/catkin_ws/devel/share/common-lisp/ros/mavros_msgs/srv/_package_CommandInt.lisp)
Linked: (/home/aniraula/catkin_ws/devel/.private/mavros_msgs/share/common-lisp/ros/mavros_msgs/srv/_package_WaypointClear.lisp, /home/aniraula/catkin_ws/devel/share/common-lisp/ros/mavros_msgs/srv/_package_WaypointClear.lisp)
Linked: (/home/aniraula/catkin_ws/devel/.private/mavros_msgs/share/common-lisp/ros/mavros_msgs/srv/_package_FileRename.lisp, /home/aniraula/catkin_ws/devel/share/common-lisp/ros/mavros_msgs/srv/_package_FileRename.lisp)
Linked: (/home/aniraula/catkin_ws/devel/.private/mavros_msgs/share/common-lisp/ros/mavros_msgs/srv/FileTruncate.lisp, /home/aniraula/catkin_ws/devel/share/common-lisp/ros/mavros_msgs/srv/FileTruncate.lisp)
Linked: (/home/aniraula/catkin_ws/devel/.private/mavros_msgs/share/common-lisp/ros/mavros_msgs/srv/_package_LogRequestList.lisp, /home/aniraula/catkin_ws/devel/share/common-lisp/ros/mavros_msgs/srv/_package_LogRequestList.lisp)
Linked: (/home/aniraula/catkin_ws/devel/.private/mavros_msgs/share/common-lisp/ros/mavros_msgs/srv/CommandInt.lisp, /home/aniraula/catkin_ws/devel/share/common-lisp/ros/mavros_msgs/srv/CommandInt.lisp)
Linked: (/home/aniraula/catkin_ws/devel/.private/mavros_msgs/share/common-lisp/ros/mavros_msgs/srv/FileOpen.lisp, /home/aniraula/catkin_ws/devel/share/common-lisp/ros/mavros_msgs/srv/FileOpen.lisp)
Linked: (/home/aniraula/catkin_ws/devel/.private/mavros_msgs/share/common-lisp/ros/mavros_msgs/srv/_package_LogRequestEnd.lisp, /home/aniraula/catkin_ws/devel/share/common-lisp/ros/mavros_msgs/srv/_package_LogRequestEnd.lisp)
Linked: (/home/aniraula/catkin_ws/devel/.private/mavros_msgs/share/common-lisp/ros/mavros_msgs/srv/WaypointSetCurrent.lisp, /home/aniraula/catkin_ws/devel/share/common-lisp/ros/mavros_msgs/srv/WaypointSetCurrent.lisp)
Linked: (/home/aniraula/catkin_ws/devel/.private/mavros_msgs/share/common-lisp/ros/mavros_msgs/srv/ParamSet.lisp, /home/aniraula/catkin_ws/devel/share/common-lisp/ros/mavros_msgs/srv/ParamSet.lisp)
Linked: (/home/aniraula/catkin_ws/devel/.private/mavros_msgs/share/common-lisp/ros/mavros_msgs/srv/_package_LogRequestData.lisp, /home/aniraula/catkin_ws/devel/share/common-lisp/ros/mavros_msgs/srv/_package_LogRequestData.lisp)
Linked: (/home/aniraula/catkin_ws/devel/.private/mavros_msgs/share/common-lisp/ros/mavros_msgs/srv/CommandHome.lisp, /home/aniraula/catkin_ws/devel/share/common-lisp/ros/mavros_msgs/srv/CommandHome.lisp)
Linked: (/home/aniraula/catkin_ws/devel/.private/mavros_msgs/share/common-lisp/ros/mavros_msgs/srv/LogRequestData.lisp, /home/aniraula/catkin_ws/devel/share/common-lisp/ros/mavros_msgs/srv/LogRequestData.lisp)
Linked: (/home/aniraula/catkin_ws/devel/.private/mavros_msgs/share/common-lisp/ros/mavros_msgs/srv/_package_WaypointSetCurrent.lisp, /home/aniraula/catkin_ws/devel/share/common-lisp/ros/mavros_msgs/srv/_package_WaypointSetCurrent.lisp)
Linked: (/home/aniraula/catkin_ws/devel/.private/mavros_msgs/share/common-lisp/ros/mavros_msgs/srv/_package_CommandTriggerControl.lisp, /home/aniraula/catkin_ws/devel/share/common-lisp/ros/mavros_msgs/srv/_package_CommandTriggerControl.lisp)
Linked: (/home/aniraula/catkin_ws/devel/.private/mavros_msgs/share/common-lisp/ros/mavros_msgs/srv/SetMavFrame.lisp, /home/aniraula/catkin_ws/devel/share/common-lisp/ros/mavros_msgs/srv/SetMavFrame.lisp)
Linked: (/home/aniraula/catkin_ws/devel/.private/mavros_msgs/share/common-lisp/ros/mavros_msgs/srv/SetMode.lisp, /home/aniraula/catkin_ws/devel/share/common-lisp/ros/mavros_msgs/srv/SetMode.lisp)
Linked: (/home/aniraula/catkin_ws/devel/.private/mavros_msgs/share/common-lisp/ros/mavros_msgs/srv/_package_FileTruncate.lisp, /home/aniraula/catkin_ws/devel/share/common-lisp/ros/mavros_msgs/srv/_package_FileTruncate.lisp)
Linked: (/home/aniraula/catkin_ws/devel/.private/mavros_msgs/share/common-lisp/ros/mavros_msgs/srv/LogRequestList.lisp, /home/aniraula/catkin_ws/devel/share/common-lisp/ros/mavros_msgs/srv/LogRequestList.lisp)
Linked: (/home/aniraula/catkin_ws/devel/.private/mavros_msgs/share/common-lisp/ros/mavros_msgs/srv/_package_FileChecksum.lisp, /home/aniraula/catkin_ws/devel/share/common-lisp/ros/mavros_msgs/srv/_package_FileChecksum.lisp)
Linked: (/home/aniraula/catkin_ws/devel/.private/mavros_msgs/share/common-lisp/ros/mavros_msgs/srv/StreamRate.lisp, /home/aniraula/catkin_ws/devel/share/common-lisp/ros/mavros_msgs/srv/StreamRate.lisp)
Linked: (/home/aniraula/catkin_ws/devel/.private/mavros_msgs/share/common-lisp/ros/mavros_msgs/srv/mavros_msgs-srv.asd, /home/aniraula/catkin_ws/devel/share/common-lisp/ros/mavros_msgs/srv/mavros_msgs-srv.asd)
Linked: (/home/aniraula/catkin_ws/devel/.private/mavros_msgs/share/common-lisp/ros/mavros_msgs/srv/_package_SetMode.lisp, /home/aniraula/catkin_ws/devel/share/common-lisp/ros/mavros_msgs/srv/_package_SetMode.lisp)
Linked: (/home/aniraula/catkin_ws/devel/.private/mavros_msgs/share/common-lisp/ros/mavros_msgs/srv/WaypointPull.lisp, /home/aniraula/catkin_ws/devel/share/common-lisp/ros/mavros_msgs/srv/WaypointPull.lisp)
Linked: (/home/aniraula/catkin_ws/devel/.private/mavros_msgs/share/common-lisp/ros/mavros_msgs/srv/_package_WaypointPush.lisp, /home/aniraula/catkin_ws/devel/share/common-lisp/ros/mavros_msgs/srv/_package_WaypointPush.lisp)
Linked: (/home/aniraula/catkin_ws/devel/.private/mavros_msgs/share/common-lisp/ros/mavros_msgs/srv/_package_CommandHome.lisp, /home/aniraula/catkin_ws/devel/share/common-lisp/ros/mavros_msgs/srv/_package_CommandHome.lisp)
Linked: (/home/aniraula/catkin_ws/devel/.private/mavros_msgs/share/common-lisp/ros/mavros_msgs/srv/_package_FileMakeDir.lisp, /home/aniraula/catkin_ws/devel/share/common-lisp/ros/mavros_msgs/srv/_package_FileMakeDir.lisp)
Linked: (/home/aniraula/catkin_ws/devel/.private/mavros_msgs/share/common-lisp/ros/mavros_msgs/srv/_package_WaypointPull.lisp, /home/aniraula/catkin_ws/devel/share/common-lisp/ros/mavros_msgs/srv/_package_WaypointPull.lisp)
Linked: (/home/aniraula/catkin_ws/devel/.private/mavros_msgs/share/common-lisp/ros/mavros_msgs/srv/WaypointPush.lisp, /home/aniraula/catkin_ws/devel/share/common-lisp/ros/mavros_msgs/srv/WaypointPush.lisp)
Linked: (/home/aniraula/catkin_ws/devel/.private/mavros_msgs/share/common-lisp/ros/mavros_msgs/srv/_package_FileList.lisp, /home/aniraula/catkin_ws/devel/share/common-lisp/ros/mavros_msgs/srv/_package_FileList.lisp)
Linked: (/home/aniraula/catkin_ws/devel/.private/mavros_msgs/share/common-lisp/ros/mavros_msgs/srv/ParamPull.lisp, /home/aniraula/catkin_ws/devel/share/common-lisp/ros/mavros_msgs/srv/ParamPull.lisp)
Linked: (/home/aniraula/catkin_ws/devel/.private/mavros_msgs/include/mavros_msgs/FileChecksumResponse.h, /home/aniraula/catkin_ws/devel/include/mavros_msgs/FileChecksumResponse.h)
Linked: (/home/aniraula/catkin_ws/devel/.private/mavros_msgs/include/mavros_msgs/ParamGet.h, /home/aniraula/catkin_ws/devel/include/mavros_msgs/ParamGet.h)
Linked: (/home/aniraula/catkin_ws/devel/.private/mavros_msgs/include/mavros_msgs/WaypointPushRequest.h, /home/aniraula/catkin_ws/devel/include/mavros_msgs/WaypointPushRequest.h)
Linked: (/home/aniraula/catkin_ws/devel/.private/mavros_msgs/include/mavros_msgs/ParamPullResponse.h, /home/aniraula/catkin_ws/devel/include/mavros_msgs/ParamPullResponse.h)
Linked: (/home/aniraula/catkin_ws/devel/.private/mavros_msgs/include/mavros_msgs/StreamRateRequest.h, /home/aniraula/catkin_ws/devel/include/mavros_msgs/StreamRateRequest.h)
Linked: (/home/aniraula/catkin_ws/devel/.private/mavros_msgs/include/mavros_msgs/StatusText.h, /home/aniraula/catkin_ws/devel/include/mavros_msgs/StatusText.h)
Linked: (/home/aniraula/catkin_ws/devel/.private/mavros_msgs/include/mavros_msgs/LogRequestDataRequest.h, /home/aniraula/catkin_ws/devel/include/mavros_msgs/LogRequestDataRequest.h)
Linked: (/home/aniraula/catkin_ws/devel/.private/mavros_msgs/include/mavros_msgs/Altitude.h, /home/aniraula/catkin_ws/devel/include/mavros_msgs/Altitude.h)
Linked: (/home/aniraula/catkin_ws/devel/.private/mavros_msgs/include/mavros_msgs/HilControls.h, /home/aniraula/catkin_ws/devel/include/mavros_msgs/HilControls.h)
Linked: (/home/aniraula/catkin_ws/devel/.private/mavros_msgs/include/mavros_msgs/Vibration.h, /home/aniraula/catkin_ws/devel/include/mavros_msgs/Vibration.h)
Linked: (/home/aniraula/catkin_ws/devel/.private/mavros_msgs/include/mavros_msgs/CommandTOL.h, /home/aniraula/catkin_ws/devel/include/mavros_msgs/CommandTOL.h)
Linked: (/home/aniraula/catkin_ws/devel/.private/mavros_msgs/include/mavros_msgs/OpticalFlowRad.h, /home/aniraula/catkin_ws/devel/include/mavros_msgs/OpticalFlowRad.h)
Linked: (/home/aniraula/catkin_ws/devel/.private/mavros_msgs/include/mavros_msgs/LogRequestEndRequest.h, /home/aniraula/catkin_ws/devel/include/mavros_msgs/LogRequestEndRequest.h)
Linked: (/home/aniraula/catkin_ws/devel/.private/mavros_msgs/include/mavros_msgs/WaypointClear.h, /home/aniraula/catkin_ws/devel/include/mavros_msgs/WaypointClear.h)
Linked: (/home/aniraula/catkin_ws/devel/.private/mavros_msgs/include/mavros_msgs/ManualControl.h, /home/aniraula/catkin_ws/devel/include/mavros_msgs/ManualControl.h)
Linked: (/home/aniraula/catkin_ws/devel/.private/mavros_msgs/include/mavros_msgs/FileEntry.h, /home/aniraula/catkin_ws/devel/include/mavros_msgs/FileEntry.h)
Linked: (/home/aniraula/catkin_ws/devel/.private/mavros_msgs/include/mavros_msgs/FileReadRequest.h, /home/aniraula/catkin_ws/devel/include/mavros_msgs/FileReadRequest.h)
Linked: (/home/aniraula/catkin_ws/devel/.private/mavros_msgs/include/mavros_msgs/LogRequestList.h, /home/aniraula/catkin_ws/devel/include/mavros_msgs/LogRequestList.h)
Linked: (/home/aniraula/catkin_ws/devel/.private/mavros_msgs/include/mavros_msgs/FileWriteRequest.h, /home/aniraula/catkin_ws/devel/include/mavros_msgs/FileWriteRequest.h)
Linked: (/home/aniraula/catkin_ws/devel/.private/mavros_msgs/include/mavros_msgs/FileRemove.h, /home/aniraula/catkin_ws/devel/include/mavros_msgs/FileRemove.h)
Linked: (/home/aniraula/catkin_ws/devel/.private/mavros_msgs/include/mavros_msgs/FileRemoveDirResponse.h, /home/aniraula/catkin_ws/devel/include/mavros_msgs/FileRemoveDirResponse.h)
Linked: (/home/aniraula/catkin_ws/devel/.private/mavros_msgs/include/mavros_msgs/WaypointList.h, /home/aniraula/catkin_ws/devel/include/mavros_msgs/WaypointList.h)
Linked: (/home/aniraula/catkin_ws/devel/.private/mavros_msgs/include/mavros_msgs/FileRenameResponse.h, /home/aniraula/catkin_ws/devel/include/mavros_msgs/FileRenameResponse.h)
Linked: (/home/aniraula/catkin_ws/devel/.private/mavros_msgs/include/mavros_msgs/FileRemoveRequest.h, /home/aniraula/catkin_ws/devel/include/mavros_msgs/FileRemoveRequest.h)
Linked: (/home/aniraula/catkin_ws/devel/.private/mavros_msgs/include/mavros_msgs/WaypointPullResponse.h, /home/aniraula/catkin_ws/devel/include/mavros_msgs/WaypointPullResponse.h)
Linked: (/home/aniraula/catkin_ws/devel/.private/mavros_msgs/include/mavros_msgs/FileOpenRequest.h, /home/aniraula/catkin_ws/devel/include/mavros_msgs/FileOpenRequest.h)
Linked: (/home/aniraula/catkin_ws/devel/.private/mavros_msgs/include/mavros_msgs/ExtendedState.h, /home/aniraula/catkin_ws/devel/include/mavros_msgs/ExtendedState.h)
Linked: (/home/aniraula/catkin_ws/devel/.private/mavros_msgs/include/mavros_msgs/Waypoint.h, /home/aniraula/catkin_ws/devel/include/mavros_msgs/Waypoint.h)
Linked: (/home/aniraula/catkin_ws/devel/.private/mavros_msgs/include/mavros_msgs/StreamRate.h, /home/aniraula/catkin_ws/devel/include/mavros_msgs/StreamRate.h)
Linked: (/home/aniraula/catkin_ws/devel/.private/mavros_msgs/include/mavros_msgs/HilGPS.h, /home/aniraula/catkin_ws/devel/include/mavros_msgs/HilGPS.h)
Linked: (/home/aniraula/catkin_ws/devel/.private/mavros_msgs/include/mavros_msgs/FileRenameRequest.h, /home/aniraula/catkin_ws/devel/include/mavros_msgs/FileRenameRequest.h)
Linked: (/home/aniraula/catkin_ws/devel/.private/mavros_msgs/include/mavros_msgs/Mavlink.h, /home/aniraula/catkin_ws/devel/include/mavros_msgs/Mavlink.h)
Linked: (/home/aniraula/catkin_ws/devel/.private/mavros_msgs/include/mavros_msgs/AttitudeTarget.h, /home/aniraula/catkin_ws/devel/include/mavros_msgs/AttitudeTarget.h)
Linked: (/home/aniraula/catkin_ws/devel/.private/mavros_msgs/include/mavros_msgs/CommandTriggerControlRequest.h, /home/aniraula/catkin_ws/devel/include/mavros_msgs/CommandTriggerControlRequest.h)
Linked: (/home/aniraula/catkin_ws/devel/.private/mavros_msgs/include/mavros_msgs/CommandBool.h, /home/aniraula/catkin_ws/devel/include/mavros_msgs/CommandBool.h)
Linked: (/home/aniraula/catkin_ws/devel/.private/mavros_msgs/include/mavros_msgs/FileList.h, /home/aniraula/catkin_ws/devel/include/mavros_msgs/FileList.h)
Linked: (/home/aniraula/catkin_ws/devel/.private/mavros_msgs/include/mavros_msgs/RadioStatus.h, /home/aniraula/catkin_ws/devel/include/mavros_msgs/RadioStatus.h)
Linked: (/home/aniraula/catkin_ws/devel/.private/mavros_msgs/include/mavros_msgs/ParamPullRequest.h, /home/aniraula/catkin_ws/devel/include/mavros_msgs/ParamPullRequest.h)
Linked: (/home/aniraula/catkin_ws/devel/.private/mavros_msgs/include/mavros_msgs/HilStateQuaternion.h, /home/aniraula/catkin_ws/devel/include/mavros_msgs/HilStateQuaternion.h)
Linked: (/home/aniraula/catkin_ws/devel/.private/mavros_msgs/include/mavros_msgs/WaypointPull.h, /home/aniraula/catkin_ws/devel/include/mavros_msgs/WaypointPull.h)
Linked: (/home/aniraula/catkin_ws/devel/.private/mavros_msgs/include/mavros_msgs/TimesyncStatus.h, /home/aniraula/catkin_ws/devel/include/mavros_msgs/TimesyncStatus.h)
Linked: (/home/aniraula/catkin_ws/devel/.private/mavros_msgs/include/mavros_msgs/RCOut.h, /home/aniraula/catkin_ws/devel/include/mavros_msgs/RCOut.h)
Linked: (/home/aniraula/catkin_ws/devel/.private/mavros_msgs/include/mavros_msgs/WaypointClearRequest.h, /home/aniraula/catkin_ws/devel/include/mavros_msgs/WaypointClearRequest.h)
Linked: (/home/aniraula/catkin_ws/devel/.private/mavros_msgs/include/mavros_msgs/CommandTOLRequest.h, /home/aniraula/catkin_ws/devel/include/mavros_msgs/CommandTOLRequest.h)
Linked: (/home/aniraula/catkin_ws/devel/.private/mavros_msgs/include/mavros_msgs/RTCM.h, /home/aniraula/catkin_ws/devel/include/mavros_msgs/RTCM.h)
Linked: (/home/aniraula/catkin_ws/devel/.private/mavros_msgs/include/mavros_msgs/WaypointReached.h, /home/aniraula/catkin_ws/devel/include/mavros_msgs/WaypointReached.h)
Linked: (/home/aniraula/catkin_ws/devel/.private/mavros_msgs/include/mavros_msgs/CommandCode.h, /home/aniraula/catkin_ws/devel/include/mavros_msgs/CommandCode.h)
Linked: (/home/aniraula/catkin_ws/devel/.private/mavros_msgs/include/mavros_msgs/ParamGetRequest.h, /home/aniraula/catkin_ws/devel/include/mavros_msgs/ParamGetRequest.h)
Linked: (/home/aniraula/catkin_ws/devel/.private/mavros_msgs/include/mavros_msgs/VFR_HUD.h, /home/aniraula/catkin_ws/devel/include/mavros_msgs/VFR_HUD.h)
Linked: (/home/aniraula/catkin_ws/devel/.private/mavros_msgs/include/mavros_msgs/CommandHome.h, /home/aniraula/catkin_ws/devel/include/mavros_msgs/CommandHome.h)
Linked: (/home/aniraula/catkin_ws/devel/.private/mavros_msgs/include/mavros_msgs/FileChecksumRequest.h, /home/aniraula/catkin_ws/devel/include/mavros_msgs/FileChecksumRequest.h)
Linked: (/home/aniraula/catkin_ws/devel/.private/mavros_msgs/include/mavros_msgs/ParamPushResponse.h, /home/aniraula/catkin_ws/devel/include/mavros_msgs/ParamPushResponse.h)
Linked: (/home/aniraula/catkin_ws/devel/.private/mavros_msgs/include/mavros_msgs/FileTruncateResponse.h, /home/aniraula/catkin_ws/devel/include/mavros_msgs/FileTruncateResponse.h)
Linked: (/home/aniraula/catkin_ws/devel/.private/mavros_msgs/include/mavros_msgs/LogEntry.h, /home/aniraula/catkin_ws/devel/include/mavros_msgs/LogEntry.h)
Linked: (/home/aniraula/catkin_ws/devel/.private/mavros_msgs/include/mavros_msgs/ParamSetResponse.h, /home/aniraula/catkin_ws/devel/include/mavros_msgs/ParamSetResponse.h)
Linked: (/home/aniraula/catkin_ws/devel/.private/mavros_msgs/include/mavros_msgs/SetMavFrameResponse.h, /home/aniraula/catkin_ws/devel/include/mavros_msgs/SetMavFrameResponse.h)
Linked: (/home/aniraula/catkin_ws/devel/.private/mavros_msgs/include/mavros_msgs/FileOpenResponse.h, /home/aniraula/catkin_ws/devel/include/mavros_msgs/FileOpenResponse.h)
Linked: (/home/aniraula/catkin_ws/devel/.private/mavros_msgs/include/mavros_msgs/SetMode.h, /home/aniraula/catkin_ws/devel/include/mavros_msgs/SetMode.h)
Linked: (/home/aniraula/catkin_ws/devel/.private/mavros_msgs/include/mavros_msgs/DebugValue.h, /home/aniraula/catkin_ws/devel/include/mavros_msgs/DebugValue.h)
Linked: (/home/aniraula/catkin_ws/devel/.private/mavros_msgs/include/mavros_msgs/LogData.h, /home/aniraula/catkin_ws/devel/include/mavros_msgs/LogData.h)
Linked: (/home/aniraula/catkin_ws/devel/.private/mavros_msgs/include/mavros_msgs/BatteryStatus.h, /home/aniraula/catkin_ws/devel/include/mavros_msgs/BatteryStatus.h)
Linked: (/home/aniraula/catkin_ws/devel/.private/mavros_msgs/include/mavros_msgs/SetMavFrameRequest.h, /home/aniraula/catkin_ws/devel/include/mavros_msgs/SetMavFrameRequest.h)
Linked: (/home/aniraula/catkin_ws/devel/.private/mavros_msgs/include/mavros_msgs/FileCloseResponse.h, /home/aniraula/catkin_ws/devel/include/mavros_msgs/FileCloseResponse.h)
Linked: (/home/aniraula/catkin_ws/devel/.private/mavros_msgs/include/mavros_msgs/LogRequestData.h, /home/aniraula/catkin_ws/devel/include/mavros_msgs/LogRequestData.h)
Linked: (/home/aniraula/catkin_ws/devel/.private/mavros_msgs/include/mavros_msgs/WaypointSetCurrentResponse.h, /home/aniraula/catkin_ws/devel/include/mavros_msgs/WaypointSetCurrentResponse.h)
Linked: (/home/aniraula/catkin_ws/devel/.private/mavros_msgs/include/mavros_msgs/ParamPush.h, /home/aniraula/catkin_ws/devel/include/mavros_msgs/ParamPush.h)
Linked: (/home/aniraula/catkin_ws/devel/.private/mavros_msgs/include/mavros_msgs/FileRemoveDirRequest.h, /home/aniraula/catkin_ws/devel/include/mavros_msgs/FileRemoveDirRequest.h)
Linked: (/home/aniraula/catkin_ws/devel/.private/mavros_msgs/include/mavros_msgs/FileMakeDirRequest.h, /home/aniraula/catkin_ws/devel/include/mavros_msgs/FileMakeDirRequest.h)
Linked: (/home/aniraula/catkin_ws/devel/.private/mavros_msgs/include/mavros_msgs/HomePosition.h, /home/aniraula/catkin_ws/devel/include/mavros_msgs/HomePosition.h)
Linked: (/home/aniraula/catkin_ws/devel/.private/mavros_msgs/include/mavros_msgs/CommandInt.h, /home/aniraula/catkin_ws/devel/include/mavros_msgs/CommandInt.h)
Linked: (/home/aniraula/catkin_ws/devel/.private/mavros_msgs/include/mavros_msgs/LogRequestEnd.h, /home/aniraula/catkin_ws/devel/include/mavros_msgs/LogRequestEnd.h)
Linked: (/home/aniraula/catkin_ws/devel/.private/mavros_msgs/include/mavros_msgs/FileOpen.h, /home/aniraula/catkin_ws/devel/include/mavros_msgs/FileOpen.h)
Linked: (/home/aniraula/catkin_ws/devel/.private/mavros_msgs/include/mavros_msgs/SetModeResponse.h, /home/aniraula/catkin_ws/devel/include/mavros_msgs/SetModeResponse.h)
Linked: (/home/aniraula/catkin_ws/devel/.private/mavros_msgs/include/mavros_msgs/PositionTarget.h, /home/aniraula/catkin_ws/devel/include/mavros_msgs/PositionTarget.h)
Linked: (/home/aniraula/catkin_ws/devel/.private/mavros_msgs/include/mavros_msgs/CommandTOLResponse.h, /home/aniraula/catkin_ws/devel/include/mavros_msgs/CommandTOLResponse.h)
Linked: (/home/aniraula/catkin_ws/devel/.private/mavros_msgs/include/mavros_msgs/CommandLong.h, /home/aniraula/catkin_ws/devel/include/mavros_msgs/CommandLong.h)
Linked: (/home/aniraula/catkin_ws/devel/.private/mavros_msgs/include/mavros_msgs/HilActuatorControls.h, /home/aniraula/catkin_ws/devel/include/mavros_msgs/HilActuatorControls.h)
Linked: (/home/aniraula/catkin_ws/devel/.private/mavros_msgs/include/mavros_msgs/FileWrite.h, /home/aniraula/catkin_ws/devel/include/mavros_msgs/FileWrite.h)
Linked: (/home/aniraula/catkin_ws/devel/.private/mavros_msgs/include/mavros_msgs/CommandHomeRequest.h, /home/aniraula/catkin_ws/devel/include/mavros_msgs/CommandHomeRequest.h)
Linked: (/home/aniraula/catkin_ws/devel/.private/mavros_msgs/include/mavros_msgs/CommandLongRequest.h, /home/aniraula/catkin_ws/devel/include/mavros_msgs/CommandLongRequest.h)
Linked: (/home/aniraula/catkin_ws/devel/.private/mavros_msgs/include/mavros_msgs/CommandBoolRequest.h, /home/aniraula/catkin_ws/devel/include/mavros_msgs/CommandBoolRequest.h)
Linked: (/home/aniraula/catkin_ws/devel/.private/mavros_msgs/include/mavros_msgs/ParamGetResponse.h, /home/aniraula/catkin_ws/devel/include/mavros_msgs/ParamGetResponse.h)
Linked: (/home/aniraula/catkin_ws/devel/.private/mavros_msgs/include/mavros_msgs/FileMakeDirResponse.h, /home/aniraula/catkin_ws/devel/include/mavros_msgs/FileMakeDirResponse.h)
Linked: (/home/aniraula/catkin_ws/devel/.private/mavros_msgs/include/mavros_msgs/FileListResponse.h, /home/aniraula/catkin_ws/devel/include/mavros_msgs/FileListResponse.h)
Linked: (/home/aniraula/catkin_ws/devel/.private/mavros_msgs/include/mavros_msgs/FileClose.h, /home/aniraula/catkin_ws/devel/include/mavros_msgs/FileClose.h)
Linked: (/home/aniraula/catkin_ws/devel/.private/mavros_msgs/include/mavros_msgs/ParamPushRequest.h, /home/aniraula/catkin_ws/devel/include/mavros_msgs/ParamPushRequest.h)
Linked: (/home/aniraula/catkin_ws/devel/.private/mavros_msgs/include/mavros_msgs/FileTruncate.h, /home/aniraula/catkin_ws/devel/include/mavros_msgs/FileTruncate.h)
Linked: (/home/aniraula/catkin_ws/devel/.private/mavros_msgs/include/mavros_msgs/StreamRateResponse.h, /home/aniraula/catkin_ws/devel/include/mavros_msgs/StreamRateResponse.h)
Linked: (/home/aniraula/catkin_ws/devel/.private/mavros_msgs/include/mavros_msgs/State.h, /home/aniraula/catkin_ws/devel/include/mavros_msgs/State.h)
Linked: (/home/aniraula/catkin_ws/devel/.private/mavros_msgs/include/mavros_msgs/FileTruncateRequest.h, /home/aniraula/catkin_ws/devel/include/mavros_msgs/FileTruncateRequest.h)
Linked: (/home/aniraula/catkin_ws/devel/.private/mavros_msgs/include/mavros_msgs/LogRequestEndResponse.h, /home/aniraula/catkin_ws/devel/include/mavros_msgs/LogRequestEndResponse.h)
Linked: (/home/aniraula/catkin_ws/devel/.private/mavros_msgs/include/mavros_msgs/SetModeRequest.h, /home/aniraula/catkin_ws/devel/include/mavros_msgs/SetModeRequest.h)
Linked: (/home/aniraula/catkin_ws/devel/.private/mavros_msgs/include/mavros_msgs/CommandIntRequest.h, /home/aniraula/catkin_ws/devel/include/mavros_msgs/CommandIntRequest.h)
Linked: (/home/aniraula/catkin_ws/devel/.private/mavros_msgs/include/mavros_msgs/WaypointPushResponse.h, /home/aniraula/catkin_ws/devel/include/mavros_msgs/WaypointPushResponse.h)
Linked: (/home/aniraula/catkin_ws/devel/.private/mavros_msgs/include/mavros_msgs/Trajectory.h, /home/aniraula/catkin_ws/devel/include/mavros_msgs/Trajectory.h)
Linked: (/home/aniraula/catkin_ws/devel/.private/mavros_msgs/include/mavros_msgs/CommandTriggerControl.h, /home/aniraula/catkin_ws/devel/include/mavros_msgs/CommandTriggerControl.h)
Linked: (/home/aniraula/catkin_ws/devel/.private/mavros_msgs/include/mavros_msgs/FileReadResponse.h, /home/aniraula/catkin_ws/devel/include/mavros_msgs/FileReadResponse.h)
Linked: (/home/aniraula/catkin_ws/devel/.private/mavros_msgs/include/mavros_msgs/Thrust.h, /home/aniraula/catkin_ws/devel/include/mavros_msgs/Thrust.h)
Linked: (/home/aniraula/catkin_ws/devel/.private/mavros_msgs/include/mavros_msgs/WaypointClearResponse.h, /home/aniraula/catkin_ws/devel/include/mavros_msgs/WaypointClearResponse.h)
Linked: (/home/aniraula/catkin_ws/devel/.private/mavros_msgs/include/mavros_msgs/LogRequestDataResponse.h, /home/aniraula/catkin_ws/devel/include/mavros_msgs/LogRequestDataResponse.h)
Linked: (/home/aniraula/catkin_ws/devel/.private/mavros_msgs/include/mavros_msgs/FileRename.h, /home/aniraula/catkin_ws/devel/include/mavros_msgs/FileRename.h)
Linked: (/home/aniraula/catkin_ws/devel/.private/mavros_msgs/include/mavros_msgs/FileChecksum.h, /home/aniraula/catkin_ws/devel/include/mavros_msgs/FileChecksum.h)
Linked: (/home/aniraula/catkin_ws/devel/.private/mavros_msgs/include/mavros_msgs/CommandTriggerControlResponse.h, /home/aniraula/catkin_ws/devel/include/mavros_msgs/CommandTriggerControlResponse.h)
Linked: (/home/aniraula/catkin_ws/devel/.private/mavros_msgs/include/mavros_msgs/FileRemoveDir.h, /home/aniraula/catkin_ws/devel/include/mavros_msgs/FileRemoveDir.h)
Linked: (/home/aniraula/catkin_ws/devel/.private/mavros_msgs/include/mavros_msgs/RCIn.h, /home/aniraula/catkin_ws/devel/include/mavros_msgs/RCIn.h)
Linked: (/home/aniraula/catkin_ws/devel/.private/mavros_msgs/include/mavros_msgs/HilSensor.h, /home/aniraula/catkin_ws/devel/include/mavros_msgs/HilSensor.h)
Linked: (/home/aniraula/catkin_ws/devel/.private/mavros_msgs/include/mavros_msgs/CamIMUStamp.h, /home/aniraula/catkin_ws/devel/include/mavros_msgs/CamIMUStamp.h)
Linked: (/home/aniraula/catkin_ws/devel/.private/mavros_msgs/include/mavros_msgs/ParamSet.h, /home/aniraula/catkin_ws/devel/include/mavros_msgs/ParamSet.h)
Linked: (/home/aniraula/catkin_ws/devel/.private/mavros_msgs/include/mavros_msgs/CommandBoolResponse.h, /home/aniraula/catkin_ws/devel/include/mavros_msgs/CommandBoolResponse.h)
Linked: (/home/aniraula/catkin_ws/devel/.private/mavros_msgs/include/mavros_msgs/ParamPull.h, /home/aniraula/catkin_ws/devel/include/mavros_msgs/ParamPull.h)
Linked: (/home/aniraula/catkin_ws/devel/.private/mavros_msgs/include/mavros_msgs/ADSBVehicle.h, /home/aniraula/catkin_ws/devel/include/mavros_msgs/ADSBVehicle.h)
Linked: (/home/aniraula/catkin_ws/devel/.private/mavros_msgs/include/mavros_msgs/WaypointPush.h, /home/aniraula/catkin_ws/devel/include/mavros_msgs/WaypointPush.h)
Linked: (/home/aniraula/catkin_ws/devel/.private/mavros_msgs/include/mavros_msgs/OverrideRCIn.h, /home/aniraula/catkin_ws/devel/include/mavros_msgs/OverrideRCIn.h)
Linked: (/home/aniraula/catkin_ws/devel/.private/mavros_msgs/include/mavros_msgs/WaypointSetCurrentRequest.h, /home/aniraula/catkin_ws/devel/include/mavros_msgs/WaypointSetCurrentRequest.h)
Linked: (/home/aniraula/catkin_ws/devel/.private/mavros_msgs/include/mavros_msgs/CommandHomeResponse.h, /home/aniraula/catkin_ws/devel/include/mavros_msgs/CommandHomeResponse.h)
Linked: (/home/aniraula/catkin_ws/devel/.private/mavros_msgs/include/mavros_msgs/FileCloseRequest.h, /home/aniraula/catkin_ws/devel/include/mavros_msgs/FileCloseRequest.h)
Linked: (/home/aniraula/catkin_ws/devel/.private/mavros_msgs/include/mavros_msgs/WaypointPullRequest.h, /home/aniraula/catkin_ws/devel/include/mavros_msgs/WaypointPullRequest.h)
Linked: (/home/aniraula/catkin_ws/devel/.private/mavros_msgs/include/mavros_msgs/FileRemoveResponse.h, /home/aniraula/catkin_ws/devel/include/mavros_msgs/FileRemoveResponse.h)
Linked: (/home/aniraula/catkin_ws/devel/.private/mavros_msgs/include/mavros_msgs/GlobalPositionTarget.h, /home/aniraula/catkin_ws/devel/include/mavros_msgs/GlobalPositionTarget.h)
Linked: (/home/aniraula/catkin_ws/devel/.private/mavros_msgs/include/mavros_msgs/ParamSetRequest.h, /home/aniraula/catkin_ws/devel/include/mavros_msgs/ParamSetRequest.h)
Linked: (/home/aniraula/catkin_ws/devel/.private/mavros_msgs/include/mavros_msgs/FileRead.h, /home/aniraula/catkin_ws/devel/include/mavros_msgs/FileRead.h)
Linked: (/home/aniraula/catkin_ws/devel/.private/mavros_msgs/include/mavros_msgs/ActuatorControl.h, /home/aniraula/catkin_ws/devel/include/mavros_msgs/ActuatorControl.h)
Linked: (/home/aniraula/catkin_ws/devel/.private/mavros_msgs/include/mavros_msgs/ParamValue.h, /home/aniraula/catkin_ws/devel/include/mavros_msgs/ParamValue.h)
Linked: (/home/aniraula/catkin_ws/devel/.private/mavros_msgs/include/mavros_msgs/LogRequestListResponse.h, /home/aniraula/catkin_ws/devel/include/mavros_msgs/LogRequestListResponse.h)
Linked: (/home/aniraula/catkin_ws/devel/.private/mavros_msgs/include/mavros_msgs/FileWriteResponse.h, /home/aniraula/catkin_ws/devel/include/mavros_msgs/FileWriteResponse.h)
Linked: (/home/aniraula/catkin_ws/devel/.private/mavros_msgs/include/mavros_msgs/SetMavFrame.h, /home/aniraula/catkin_ws/devel/include/mavros_msgs/SetMavFrame.h)
Linked: (/home/aniraula/catkin_ws/devel/.private/mavros_msgs/include/mavros_msgs/WaypointSetCurrent.h, /home/aniraula/catkin_ws/devel/include/mavros_msgs/WaypointSetCurrent.h)
Linked: (/home/aniraula/catkin_ws/devel/.private/mavros_msgs/include/mavros_msgs/CommandLongResponse.h, /home/aniraula/catkin_ws/devel/include/mavros_msgs/CommandLongResponse.h)
Linked: (/home/aniraula/catkin_ws/devel/.private/mavros_msgs/include/mavros_msgs/FileListRequest.h, /home/aniraula/catkin_ws/devel/include/mavros_msgs/FileListRequest.h)
Linked: (/home/aniraula/catkin_ws/devel/.private/mavros_msgs/include/mavros_msgs/LogRequestListRequest.h, /home/aniraula/catkin_ws/devel/include/mavros_msgs/LogRequestListRequest.h)
Linked: (/home/aniraula/catkin_ws/devel/.private/mavros_msgs/include/mavros_msgs/CommandIntResponse.h, /home/aniraula/catkin_ws/devel/include/mavros_msgs/CommandIntResponse.h)
Linked: (/home/aniraula/catkin_ws/devel/.private/mavros_msgs/include/mavros_msgs/FileMakeDir.h, /home/aniraula/catkin_ws/devel/include/mavros_msgs/FileMakeDir.h)
Linked: (/home/aniraula/catkin_ws/devel/.private/mavros_msgs/lib/python2.7/dist-packages/mavros_msgs/__init__.py, /home/aniraula/catkin_ws/devel/lib/python2.7/dist-packages/mavros_msgs/__init__.py)
Linked: (/home/aniraula/catkin_ws/devel/.private/mavros_msgs/lib/python2.7/dist-packages/mavros_msgs/msg/_State.py, /home/aniraula/catkin_ws/devel/lib/python2.7/dist-packages/mavros_msgs/msg/_State.py)
Linked: (/home/aniraula/catkin_ws/devel/.private/mavros_msgs/lib/python2.7/dist-packages/mavros_msgs/msg/_HilSensor.py, /home/aniraula/catkin_ws/devel/lib/python2.7/dist-packages/mavros_msgs/msg/_HilSensor.py)
Linked: (/home/aniraula/catkin_ws/devel/.private/mavros_msgs/lib/python2.7/dist-packages/mavros_msgs/msg/_CommandCode.py, /home/aniraula/catkin_ws/devel/lib/python2.7/dist-packages/mavros_msgs/msg/_CommandCode.py)
Linked: (/home/aniraula/catkin_ws/devel/.private/mavros_msgs/lib/python2.7/dist-packages/mavros_msgs/msg/_BatteryStatus.py, /home/aniraula/catkin_ws/devel/lib/python2.7/dist-packages/mavros_msgs/msg/_BatteryStatus.py)
Linked: (/home/aniraula/catkin_ws/devel/.private/mavros_msgs/lib/python2.7/dist-packages/mavros_msgs/msg/_ExtendedState.py, /home/aniraula/catkin_ws/devel/lib/python2.7/dist-packages/mavros_msgs/msg/_ExtendedState.py)
Linked: (/home/aniraula/catkin_ws/devel/.private/mavros_msgs/lib/python2.7/dist-packages/mavros_msgs/msg/_HilGPS.py, /home/aniraula/catkin_ws/devel/lib/python2.7/dist-packages/mavros_msgs/msg/_HilGPS.py)
Linked: (/home/aniraula/catkin_ws/devel/.private/mavros_msgs/lib/python2.7/dist-packages/mavros_msgs/msg/_OverrideRCIn.py, /home/aniraula/catkin_ws/devel/lib/python2.7/dist-packages/mavros_msgs/msg/_OverrideRCIn.py)
Linked: (/home/aniraula/catkin_ws/devel/.private/mavros_msgs/lib/python2.7/dist-packages/mavros_msgs/msg/_LogData.py, /home/aniraula/catkin_ws/devel/lib/python2.7/dist-packages/mavros_msgs/msg/_LogData.py)
Linked: (/home/aniraula/catkin_ws/devel/.private/mavros_msgs/lib/python2.7/dist-packages/mavros_msgs/msg/_RTCM.py, /home/aniraula/catkin_ws/devel/lib/python2.7/dist-packages/mavros_msgs/msg/_RTCM.py)
Linked: (/home/aniraula/catkin_ws/devel/.private/mavros_msgs/lib/python2.7/dist-packages/mavros_msgs/msg/_HilActuatorControls.py, /home/aniraula/catkin_ws/devel/lib/python2.7/dist-packages/mavros_msgs/msg/_HilActuatorControls.py)
Linked: (/home/aniraula/catkin_ws/devel/.private/mavros_msgs/lib/python2.7/dist-packages/mavros_msgs/msg/_DebugValue.py, /home/aniraula/catkin_ws/devel/lib/python2.7/dist-packages/mavros_msgs/msg/_DebugValue.py)
Linked: (/home/aniraula/catkin_ws/devel/.private/mavros_msgs/lib/python2.7/dist-packages/mavros_msgs/msg/_RCOut.py, /home/aniraula/catkin_ws/devel/lib/python2.7/dist-packages/mavros_msgs/msg/_RCOut.py)
Linked: (/home/aniraula/catkin_ws/devel/.private/mavros_msgs/lib/python2.7/dist-packages/mavros_msgs/msg/__init__.py, /home/aniraula/catkin_ws/devel/lib/python2.7/dist-packages/mavros_msgs/msg/__init__.py)
Linked: (/home/aniraula/catkin_ws/devel/.private/mavros_msgs/lib/python2.7/dist-packages/mavros_msgs/msg/_HomePosition.py, /home/aniraula/catkin_ws/devel/lib/python2.7/dist-packages/mavros_msgs/msg/_HomePosition.py)
Linked: (/home/aniraula/catkin_ws/devel/.private/mavros_msgs/lib/python2.7/dist-packages/mavros_msgs/msg/_OpticalFlowRad.py, /home/aniraula/catkin_ws/devel/lib/python2.7/dist-packages/mavros_msgs/msg/_OpticalFlowRad.py)
Linked: (/home/aniraula/catkin_ws/devel/.private/mavros_msgs/lib/python2.7/dist-packages/mavros_msgs/msg/_Waypoint.py, /home/aniraula/catkin_ws/devel/lib/python2.7/dist-packages/mavros_msgs/msg/_Waypoint.py)
Linked: (/home/aniraula/catkin_ws/devel/.private/mavros_msgs/lib/python2.7/dist-packages/mavros_msgs/msg/_AttitudeTarget.py, /home/aniraula/catkin_ws/devel/lib/python2.7/dist-packages/mavros_msgs/msg/_AttitudeTarget.py)
Linked: (/home/aniraula/catkin_ws/devel/.private/mavros_msgs/lib/python2.7/dist-packages/mavros_msgs/msg/_HilControls.py, /home/aniraula/catkin_ws/devel/lib/python2.7/dist-packages/mavros_msgs/msg/_HilControls.py)
Linked: (/home/aniraula/catkin_ws/devel/.private/mavros_msgs/lib/python2.7/dist-packages/mavros_msgs/msg/_PositionTarget.py, /home/aniraula/catkin_ws/devel/lib/python2.7/dist-packages/mavros_msgs/msg/_PositionTarget.py)
Linked: (/home/aniraula/catkin_ws/devel/.private/mavros_msgs/lib/python2.7/dist-packages/mavros_msgs/msg/_ADSBVehicle.py, /home/aniraula/catkin_ws/devel/lib/python2.7/dist-packages/mavros_msgs/msg/_ADSBVehicle.py)
Linked: (/home/aniraula/catkin_ws/devel/.private/mavros_msgs/lib/python2.7/dist-packages/mavros_msgs/msg/_LogEntry.py, /home/aniraula/catkin_ws/devel/lib/python2.7/dist-packages/mavros_msgs/msg/_LogEntry.py)
Linked: (/home/aniraula/catkin_ws/devel/.private/mavros_msgs/lib/python2.7/dist-packages/mavros_msgs/msg/_StatusText.py, /home/aniraula/catkin_ws/devel/lib/python2.7/dist-packages/mavros_msgs/msg/_StatusText.py)
Linked: (/home/aniraula/catkin_ws/devel/.private/mavros_msgs/lib/python2.7/dist-packages/mavros_msgs/msg/_WaypointReached.py, /home/aniraula/catkin_ws/devel/lib/python2.7/dist-packages/mavros_msgs/msg/_WaypointReached.py)
Linked: (/home/aniraula/catkin_ws/devel/.private/mavros_msgs/lib/python2.7/dist-packages/mavros_msgs/msg/_GlobalPositionTarget.py, /home/aniraula/catkin_ws/devel/lib/python2.7/dist-packages/mavros_msgs/msg/_GlobalPositionTarget.py)
Linked: (/home/aniraula/catkin_ws/devel/.private/mavros_msgs/lib/python2.7/dist-packages/mavros_msgs/msg/_HilStateQuaternion.py, /home/aniraula/catkin_ws/devel/lib/python2.7/dist-packages/mavros_msgs/msg/_HilStateQuaternion.py)
Linked: (/home/aniraula/catkin_ws/devel/.private/mavros_msgs/lib/python2.7/dist-packages/mavros_msgs/msg/_Thrust.py, /home/aniraula/catkin_ws/devel/lib/python2.7/dist-packages/mavros_msgs/msg/_Thrust.py)
Linked: (/home/aniraula/catkin_ws/devel/.private/mavros_msgs/lib/python2.7/dist-packages/mavros_msgs/msg/_ParamValue.py, /home/aniraula/catkin_ws/devel/lib/python2.7/dist-packages/mavros_msgs/msg/_ParamValue.py)
Linked: (/home/aniraula/catkin_ws/devel/.private/mavros_msgs/lib/python2.7/dist-packages/mavros_msgs/msg/_Vibration.py, /home/aniraula/catkin_ws/devel/lib/python2.7/dist-packages/mavros_msgs/msg/_Vibration.py)
Linked: (/home/aniraula/catkin_ws/devel/.private/mavros_msgs/lib/python2.7/dist-packages/mavros_msgs/msg/_CamIMUStamp.py, /home/aniraula/catkin_ws/devel/lib/python2.7/dist-packages/mavros_msgs/msg/_CamIMUStamp.py)
Linked: (/home/aniraula/catkin_ws/devel/.private/mavros_msgs/lib/python2.7/dist-packages/mavros_msgs/msg/_RadioStatus.py, /home/aniraula/catkin_ws/devel/lib/python2.7/dist-packages/mavros_msgs/msg/_RadioStatus.py)
Linked: (/home/aniraula/catkin_ws/devel/.private/mavros_msgs/lib/python2.7/dist-packages/mavros_msgs/msg/_TimesyncStatus.py, /home/aniraula/catkin_ws/devel/lib/python2.7/dist-packages/mavros_msgs/msg/_TimesyncStatus.py)
Linked: (/home/aniraula/catkin_ws/devel/.private/mavros_msgs/lib/python2.7/dist-packages/mavros_msgs/msg/_ManualControl.py, /home/aniraula/catkin_ws/devel/lib/python2.7/dist-packages/mavros_msgs/msg/_ManualControl.py)
Linked: (/home/aniraula/catkin_ws/devel/.private/mavros_msgs/lib/python2.7/dist-packages/mavros_msgs/msg/_ActuatorControl.py, /home/aniraula/catkin_ws/devel/lib/python2.7/dist-packages/mavros_msgs/msg/_ActuatorControl.py)
Linked: (/home/aniraula/catkin_ws/devel/.private/mavros_msgs/lib/python2.7/dist-packages/mavros_msgs/msg/_FileEntry.py, /home/aniraula/catkin_ws/devel/lib/python2.7/dist-packages/mavros_msgs/msg/_FileEntry.py)
Linked: (/home/aniraula/catkin_ws/devel/.private/mavros_msgs/lib/python2.7/dist-packages/mavros_msgs/msg/_Trajectory.py, /home/aniraula/catkin_ws/devel/lib/python2.7/dist-packages/mavros_msgs/msg/_Trajectory.py)
Linked: (/home/aniraula/catkin_ws/devel/.private/mavros_msgs/lib/python2.7/dist-packages/mavros_msgs/msg/_RCIn.py, /home/aniraula/catkin_ws/devel/lib/python2.7/dist-packages/mavros_msgs/msg/_RCIn.py)
Linked: (/home/aniraula/catkin_ws/devel/.private/mavros_msgs/lib/python2.7/dist-packages/mavros_msgs/msg/_WaypointList.py, /home/aniraula/catkin_ws/devel/lib/python2.7/dist-packages/mavros_msgs/msg/_WaypointList.py)
Linked: (/home/aniraula/catkin_ws/devel/.private/mavros_msgs/lib/python2.7/dist-packages/mavros_msgs/msg/_Altitude.py, /home/aniraula/catkin_ws/devel/lib/python2.7/dist-packages/mavros_msgs/msg/_Altitude.py)
Linked: (/home/aniraula/catkin_ws/devel/.private/mavros_msgs/lib/python2.7/dist-packages/mavros_msgs/msg/_Mavlink.py, /home/aniraula/catkin_ws/devel/lib/python2.7/dist-packages/mavros_msgs/msg/_Mavlink.py)
Linked: (/home/aniraula/catkin_ws/devel/.private/mavros_msgs/lib/python2.7/dist-packages/mavros_msgs/msg/_VFR_HUD.py, /home/aniraula/catkin_ws/devel/lib/python2.7/dist-packages/mavros_msgs/msg/_VFR_HUD.py)
Linked: (/home/aniraula/catkin_ws/devel/.private/mavros_msgs/lib/python2.7/dist-packages/mavros_msgs/srv/_WaypointClear.py, /home/aniraula/catkin_ws/devel/lib/python2.7/dist-packages/mavros_msgs/srv/_WaypointClear.py)
Linked: (/home/aniraula/catkin_ws/devel/.private/mavros_msgs/lib/python2.7/dist-packages/mavros_msgs/srv/_FileRename.py, /home/aniraula/catkin_ws/devel/lib/python2.7/dist-packages/mavros_msgs/srv/_FileRename.py)
Linked: (/home/aniraula/catkin_ws/devel/.private/mavros_msgs/lib/python2.7/dist-packages/mavros_msgs/srv/_CommandTriggerControl.py, /home/aniraula/catkin_ws/devel/lib/python2.7/dist-packages/mavros_msgs/srv/_CommandTriggerControl.py)
Linked: (/home/aniraula/catkin_ws/devel/.private/mavros_msgs/lib/python2.7/dist-packages/mavros_msgs/srv/_ParamGet.py, /home/aniraula/catkin_ws/devel/lib/python2.7/dist-packages/mavros_msgs/srv/_ParamGet.py)
Linked: (/home/aniraula/catkin_ws/devel/.private/mavros_msgs/lib/python2.7/dist-packages/mavros_msgs/srv/_CommandLong.py, /home/aniraula/catkin_ws/devel/lib/python2.7/dist-packages/mavros_msgs/srv/_CommandLong.py)
Linked: (/home/aniraula/catkin_ws/devel/.private/mavros_msgs/lib/python2.7/dist-packages/mavros_msgs/srv/_FileClose.py, /home/aniraula/catkin_ws/devel/lib/python2.7/dist-packages/mavros_msgs/srv/_FileClose.py)
Linked: (/home/aniraula/catkin_ws/devel/.private/mavros_msgs/lib/python2.7/dist-packages/mavros_msgs/srv/_CommandBool.py, /home/aniraula/catkin_ws/devel/lib/python2.7/dist-packages/mavros_msgs/srv/_CommandBool.py)
Linked: (/home/aniraula/catkin_ws/devel/.private/mavros_msgs/lib/python2.7/dist-packages/mavros_msgs/srv/_FileRemove.py, /home/aniraula/catkin_ws/devel/lib/python2.7/dist-packages/mavros_msgs/srv/_FileRemove.py)
Linked: (/home/aniraula/catkin_ws/devel/.private/mavros_msgs/lib/python2.7/dist-packages/mavros_msgs/srv/_LogRequestEnd.py, /home/aniraula/catkin_ws/devel/lib/python2.7/dist-packages/mavros_msgs/srv/_LogRequestEnd.py)
Linked: (/home/aniraula/catkin_ws/devel/.private/mavros_msgs/lib/python2.7/dist-packages/mavros_msgs/srv/_FileMakeDir.py, /home/aniraula/catkin_ws/devel/lib/python2.7/dist-packages/mavros_msgs/srv/_FileMakeDir.py)
Linked: (/home/aniraula/catkin_ws/devel/.private/mavros_msgs/lib/python2.7/dist-packages/mavros_msgs/srv/_ParamSet.py, /home/aniraula/catkin_ws/devel/lib/python2.7/dist-packages/mavros_msgs/srv/_ParamSet.py)
Linked: (/home/aniraula/catkin_ws/devel/.private/mavros_msgs/lib/python2.7/dist-packages/mavros_msgs/srv/_FileRemoveDir.py, /home/aniraula/catkin_ws/devel/lib/python2.7/dist-packages/mavros_msgs/srv/_FileRemoveDir.py)
Linked: (/home/aniraula/catkin_ws/devel/.private/mavros_msgs/lib/python2.7/dist-packages/mavros_msgs/srv/_WaypointPull.py, /home/aniraula/catkin_ws/devel/lib/python2.7/dist-packages/mavros_msgs/srv/_WaypointPull.py)
Linked: (/home/aniraula/catkin_ws/devel/.private/mavros_msgs/lib/python2.7/dist-packages/mavros_msgs/srv/__init__.py, /home/aniraula/catkin_ws/devel/lib/python2.7/dist-packages/mavros_msgs/srv/__init__.py)
Linked: (/home/aniraula/catkin_ws/devel/.private/mavros_msgs/lib/python2.7/dist-packages/mavros_msgs/srv/_FileTruncate.py, /home/aniraula/catkin_ws/devel/lib/python2.7/dist-packages/mavros_msgs/srv/_FileTruncate.py)
Linked: (/home/aniraula/catkin_ws/devel/.private/mavros_msgs/lib/python2.7/dist-packages/mavros_msgs/srv/_CommandHome.py, /home/aniraula/catkin_ws/devel/lib/python2.7/dist-packages/mavros_msgs/srv/_CommandHome.py)
Linked: (/home/aniraula/catkin_ws/devel/.private/mavros_msgs/lib/python2.7/dist-packages/mavros_msgs/srv/_CommandTOL.py, /home/aniraula/catkin_ws/devel/lib/python2.7/dist-packages/mavros_msgs/srv/_CommandTOL.py)
Linked: (/home/aniraula/catkin_ws/devel/.private/mavros_msgs/lib/python2.7/dist-packages/mavros_msgs/srv/_WaypointSetCurrent.py, /home/aniraula/catkin_ws/devel/lib/python2.7/dist-packages/mavros_msgs/srv/_WaypointSetCurrent.py)
Linked: (/home/aniraula/catkin_ws/devel/.private/mavros_msgs/lib/python2.7/dist-packages/mavros_msgs/srv/_FileWrite.py, /home/aniraula/catkin_ws/devel/lib/python2.7/dist-packages/mavros_msgs/srv/_FileWrite.py)
Linked: (/home/aniraula/catkin_ws/devel/.private/mavros_msgs/lib/python2.7/dist-packages/mavros_msgs/srv/_LogRequestData.py, /home/aniraula/catkin_ws/devel/lib/python2.7/dist-packages/mavros_msgs/srv/_LogRequestData.py)
Linked: (/home/aniraula/catkin_ws/devel/.private/mavros_msgs/lib/python2.7/dist-packages/mavros_msgs/srv/_CommandInt.py, /home/aniraula/catkin_ws/devel/lib/python2.7/dist-packages/mavros_msgs/srv/_CommandInt.py)
Linked: (/home/aniraula/catkin_ws/devel/.private/mavros_msgs/lib/python2.7/dist-packages/mavros_msgs/srv/_FileChecksum.py, /home/aniraula/catkin_ws/devel/lib/python2.7/dist-packages/mavros_msgs/srv/_FileChecksum.py)
Linked: (/home/aniraula/catkin_ws/devel/.private/mavros_msgs/lib/python2.7/dist-packages/mavros_msgs/srv/_StreamRate.py, /home/aniraula/catkin_ws/devel/lib/python2.7/dist-packages/mavros_msgs/srv/_StreamRate.py)
Linked: (/home/aniraula/catkin_ws/devel/.private/mavros_msgs/lib/python2.7/dist-packages/mavros_msgs/srv/_ParamPull.py, /home/aniraula/catkin_ws/devel/lib/python2.7/dist-packages/mavros_msgs/srv/_ParamPull.py)
Linked: (/home/aniraula/catkin_ws/devel/.private/mavros_msgs/lib/python2.7/dist-packages/mavros_msgs/srv/_SetMavFrame.py, /home/aniraula/catkin_ws/devel/lib/python2.7/dist-packages/mavros_msgs/srv/_SetMavFrame.py)
Linked: (/home/aniraula/catkin_ws/devel/.private/mavros_msgs/lib/python2.7/dist-packages/mavros_msgs/srv/_FileOpen.py, /home/aniraula/catkin_ws/devel/lib/python2.7/dist-packages/mavros_msgs/srv/_FileOpen.py)
Linked: (/home/aniraula/catkin_ws/devel/.private/mavros_msgs/lib/python2.7/dist-packages/mavros_msgs/srv/_FileRead.py, /home/aniraula/catkin_ws/devel/lib/python2.7/dist-packages/mavros_msgs/srv/_FileRead.py)
Linked: (/home/aniraula/catkin_ws/devel/.private/mavros_msgs/lib/python2.7/dist-packages/mavros_msgs/srv/_LogRequestList.py, /home/aniraula/catkin_ws/devel/lib/python2.7/dist-packages/mavros_msgs/srv/_LogRequestList.py)
Linked: (/home/aniraula/catkin_ws/devel/.private/mavros_msgs/lib/python2.7/dist-packages/mavros_msgs/srv/_FileList.py, /home/aniraula/catkin_ws/devel/lib/python2.7/dist-packages/mavros_msgs/srv/_FileList.py)
Linked: (/home/aniraula/catkin_ws/devel/.private/mavros_msgs/lib/python2.7/dist-packages/mavros_msgs/srv/_WaypointPush.py, /home/aniraula/catkin_ws/devel/lib/python2.7/dist-packages/mavros_msgs/srv/_WaypointPush.py)
Linked: (/home/aniraula/catkin_ws/devel/.private/mavros_msgs/lib/python2.7/dist-packages/mavros_msgs/srv/_SetMode.py, /home/aniraula/catkin_ws/devel/lib/python2.7/dist-packages/mavros_msgs/srv/_SetMode.py)
Linked: (/home/aniraula/catkin_ws/devel/.private/mavros_msgs/lib/python2.7/dist-packages/mavros_msgs/srv/_ParamPush.py, /home/aniraula/catkin_ws/devel/lib/python2.7/dist-packages/mavros_msgs/srv/_ParamPush.py)
Linked: (/home/aniraula/catkin_ws/devel/.private/mavros_msgs/lib/pkgconfig/mavros_msgs.pc, /home/aniraula/catkin_ws/devel/lib/pkgconfig/mavros_msgs.pc)
