Determining if the pthread_create exist failed with the following output:
Change Dir: /home/aniraula/catkin_ws/build/rotors_gazebo/CMakeFiles/CMakeTmp

Run Build Command:"/usr/bin/make" "cmTC_6cbce/fast"
/usr/bin/make -f CMakeFiles/cmTC_6cbce.dir/build.make CMakeFiles/cmTC_6cbce.dir/build
make[1]: Entering directory '/home/aniraula/catkin_ws/build/rotors_gazebo/CMakeFiles/CMakeTmp'
Building C object CMakeFiles/cmTC_6cbce.dir/CheckSymbolExists.c.o
/usr/bin/cc     -o CMakeFiles/cmTC_6cbce.dir/CheckSymbolExists.c.o   -c /home/aniraula/catkin_ws/build/rotors_gazebo/CMakeFiles/CMakeTmp/CheckSymbolExists.c
Linking C executable cmTC_6cbce
/usr/bin/cmake -E cmake_link_script CMakeFiles/cmTC_6cbce.dir/link.txt --verbose=1
/usr/bin/cc       CMakeFiles/cmTC_6cbce.dir/CheckSymbolExists.c.o  -o cmTC_6cbce -rdynamic 
CMakeFiles/cmTC_6cbce.dir/CheckSymbolExists.c.o: In function `main':
CheckSymbolExists.c:(.text+0x16): undefined reference to `pthread_create'
collect2: error: ld returned 1 exit status
CMakeFiles/cmTC_6cbce.dir/build.make:97: recipe for target 'cmTC_6cbce' failed
make[1]: *** [cmTC_6cbce] Error 1
make[1]: Leaving directory '/home/aniraula/catkin_ws/build/rotors_gazebo/CMakeFiles/CMakeTmp'
Makefile:126: recipe for target 'cmTC_6cbce/fast' failed
make: *** [cmTC_6cbce/fast] Error 2

File /home/aniraula/catkin_ws/build/rotors_gazebo/CMakeFiles/CMakeTmp/CheckSymbolExists.c:
/* */
#include <pthread.h>

int main(int argc, char** argv)
{
  (void)argv;
#ifndef pthread_create
  return ((int*)(&pthread_create))[argc];
#else
  (void)argc;
  return 0;
#endif
}

Determining if the function pthread_create exists in the pthreads failed with the following output:
Change Dir: /home/aniraula/catkin_ws/build/rotors_gazebo/CMakeFiles/CMakeTmp

Run Build Command:"/usr/bin/make" "cmTC_c844c/fast"
/usr/bin/make -f CMakeFiles/cmTC_c844c.dir/build.make CMakeFiles/cmTC_c844c.dir/build
make[1]: Entering directory '/home/aniraula/catkin_ws/build/rotors_gazebo/CMakeFiles/CMakeTmp'
Building C object CMakeFiles/cmTC_c844c.dir/CheckFunctionExists.c.o
/usr/bin/cc    -DCHECK_FUNCTION_EXISTS=pthread_create   -o CMakeFiles/cmTC_c844c.dir/CheckFunctionExists.c.o   -c /usr/share/cmake-3.5/Modules/CheckFunctionExists.c
Linking C executable cmTC_c844c
/usr/bin/cmake -E cmake_link_script CMakeFiles/cmTC_c844c.dir/link.txt --verbose=1
/usr/bin/cc   -DCHECK_FUNCTION_EXISTS=pthread_create    CMakeFiles/cmTC_c844c.dir/CheckFunctionExists.c.o  -o cmTC_c844c -rdynamic -lpthreads 
/usr/bin/ld: cannot find -lpthreads
collect2: error: ld returned 1 exit status
CMakeFiles/cmTC_c844c.dir/build.make:97: recipe for target 'cmTC_c844c' failed
make[1]: *** [cmTC_c844c] Error 1
make[1]: Leaving directory '/home/aniraula/catkin_ws/build/rotors_gazebo/CMakeFiles/CMakeTmp'
Makefile:126: recipe for target 'cmTC_c844c/fast' failed
make: *** [cmTC_c844c/fast] Error 2


